[debug] [2023-05-17T03:31:25.685Z] ----------------------------------------------------------------------
[debug] [2023-05-17T03:31:25.685Z] Command:       /usr/local/bin/node /Users/wingfunglau/.npm-packages/bin/firebase deploy --only functions
[debug] [2023-05-17T03:31:25.686Z] CLI Version:   12.0.1
[debug] [2023-05-17T03:31:25.686Z] Platform:      darwin
[debug] [2023-05-17T03:31:25.686Z] Node Version:  v18.12.1
[debug] [2023-05-17T03:31:25.686Z] Time:          Wed May 17 2023 13:31:25 GMT+1000 (Australian Eastern Standard Time)
[debug] [2023-05-17T03:31:25.686Z] ----------------------------------------------------------------------
[debug] 
[debug] [2023-05-17T03:31:25.719Z] > command requires scopes: ["email","openid","https://www.googleapis.com/auth/cloudplatformprojects.readonly","https://www.googleapis.com/auth/firebase","https://www.googleapis.com/auth/cloud-platform"]
[debug] [2023-05-17T03:31:25.719Z] > authorizing via signed-in user (loudringphone@gmail.com)
[debug] [2023-05-17T03:31:25.719Z] [iam] checking project video-store-77873 for permissions ["cloudfunctions.functions.create","cloudfunctions.functions.delete","cloudfunctions.functions.get","cloudfunctions.functions.list","cloudfunctions.functions.update","cloudfunctions.operations.get","firebase.projects.get"]
[debug] [2023-05-17T03:31:25.720Z] >>> [apiv2][query] POST https://cloudresourcemanager.googleapis.com/v1/projects/video-store-77873:testIamPermissions [none]
[debug] [2023-05-17T03:31:25.721Z] >>> [apiv2][(partial)header] POST https://cloudresourcemanager.googleapis.com/v1/projects/video-store-77873:testIamPermissions x-goog-quota-user=projects/video-store-77873
[debug] [2023-05-17T03:31:25.721Z] >>> [apiv2][body] POST https://cloudresourcemanager.googleapis.com/v1/projects/video-store-77873:testIamPermissions {"permissions":["cloudfunctions.functions.create","cloudfunctions.functions.delete","cloudfunctions.functions.get","cloudfunctions.functions.list","cloudfunctions.functions.update","cloudfunctions.operations.get","firebase.projects.get"]}
[debug] [2023-05-17T03:31:27.241Z] <<< [apiv2][status] POST https://cloudresourcemanager.googleapis.com/v1/projects/video-store-77873:testIamPermissions 200
[debug] [2023-05-17T03:31:27.242Z] <<< [apiv2][body] POST https://cloudresourcemanager.googleapis.com/v1/projects/video-store-77873:testIamPermissions {"permissions":["cloudfunctions.functions.create","cloudfunctions.functions.delete","cloudfunctions.functions.get","cloudfunctions.functions.list","cloudfunctions.functions.update","cloudfunctions.operations.get","firebase.projects.get"]}
[debug] [2023-05-17T03:31:27.242Z] >>> [apiv2][query] POST https://iam.googleapis.com/v1/projects/video-store-77873/serviceAccounts/video-store-77873@appspot.gserviceaccount.com:testIamPermissions [none]
[debug] [2023-05-17T03:31:27.242Z] >>> [apiv2][body] POST https://iam.googleapis.com/v1/projects/video-store-77873/serviceAccounts/video-store-77873@appspot.gserviceaccount.com:testIamPermissions {"permissions":["iam.serviceAccounts.actAs"]}
[debug] [2023-05-17T03:31:27.765Z] <<< [apiv2][status] POST https://iam.googleapis.com/v1/projects/video-store-77873/serviceAccounts/video-store-77873@appspot.gserviceaccount.com:testIamPermissions 200
[debug] [2023-05-17T03:31:27.765Z] <<< [apiv2][body] POST https://iam.googleapis.com/v1/projects/video-store-77873/serviceAccounts/video-store-77873@appspot.gserviceaccount.com:testIamPermissions {"permissions":["iam.serviceAccounts.actAs"]}
[info] 
[info] === Deploying to 'video-store-77873'...
[info] 
[info] i  deploying functions 
[info] Running command: npm --prefix "$RESOURCE_DIR" run lint
[info] ✔  functions: Finished running predeploy script. 
[debug] [2023-05-17T03:31:29.689Z] >>> [apiv2][query] GET https://firebase.googleapis.com/v1beta1/projects/video-store-77873 [none]
[debug] [2023-05-17T03:31:30.300Z] <<< [apiv2][status] GET https://firebase.googleapis.com/v1beta1/projects/video-store-77873 200
[debug] [2023-05-17T03:31:30.300Z] <<< [apiv2][body] GET https://firebase.googleapis.com/v1beta1/projects/video-store-77873 {"projectId":"video-store-77873","projectNumber":"413804572532","displayName":"video store","name":"projects/video-store-77873","resources":{"hostingSite":"video-store-77873","realtimeDatabaseInstance":"video-store-77873-default-rtdb","storageBucket":"video-store-77873.appspot.com","locationId":"us-central"},"state":"ACTIVE","etag":"1_e8efce33-768e-4021-b7d6-c5e408fc04ed"}
[info] i  functions: preparing codebase default for deployment 
[info] i  functions: ensuring required API cloudfunctions.googleapis.com is enabled... 
[info] i  functions: ensuring required API cloudbuild.googleapis.com is enabled... 
[info] i  artifactregistry: ensuring required API artifactregistry.googleapis.com is enabled... 
[debug] [2023-05-17T03:31:30.303Z] >>> [apiv2][query] GET https://serviceusage.googleapis.com/v1/projects/video-store-77873/services/cloudfunctions.googleapis.com [none]
[debug] [2023-05-17T03:31:30.303Z] >>> [apiv2][(partial)header] GET https://serviceusage.googleapis.com/v1/projects/video-store-77873/services/cloudfunctions.googleapis.com x-goog-quota-user=projects/video-store-77873
[debug] [2023-05-17T03:31:30.305Z] >>> [apiv2][query] GET https://serviceusage.googleapis.com/v1/projects/video-store-77873/services/runtimeconfig.googleapis.com [none]
[debug] [2023-05-17T03:31:30.305Z] >>> [apiv2][(partial)header] GET https://serviceusage.googleapis.com/v1/projects/video-store-77873/services/runtimeconfig.googleapis.com x-goog-quota-user=projects/video-store-77873
[debug] [2023-05-17T03:31:30.306Z] >>> [apiv2][query] GET https://serviceusage.googleapis.com/v1/projects/video-store-77873/services/cloudbuild.googleapis.com [none]
[debug] [2023-05-17T03:31:30.306Z] >>> [apiv2][(partial)header] GET https://serviceusage.googleapis.com/v1/projects/video-store-77873/services/cloudbuild.googleapis.com x-goog-quota-user=projects/video-store-77873
[debug] [2023-05-17T03:31:30.307Z] >>> [apiv2][query] GET https://serviceusage.googleapis.com/v1/projects/video-store-77873/services/artifactregistry.googleapis.com [none]
[debug] [2023-05-17T03:31:30.307Z] >>> [apiv2][(partial)header] GET https://serviceusage.googleapis.com/v1/projects/video-store-77873/services/artifactregistry.googleapis.com x-goog-quota-user=projects/video-store-77873
[debug] [2023-05-17T03:31:31.910Z] <<< [apiv2][status] GET https://serviceusage.googleapis.com/v1/projects/video-store-77873/services/cloudfunctions.googleapis.com 200
[debug] [2023-05-17T03:31:31.910Z] <<< [apiv2][body] GET https://serviceusage.googleapis.com/v1/projects/video-store-77873/services/cloudfunctions.googleapis.com [omitted]
[info] ✔  functions: required API cloudfunctions.googleapis.com is enabled 
[debug] [2023-05-17T03:31:31.912Z] <<< [apiv2][status] GET https://serviceusage.googleapis.com/v1/projects/video-store-77873/services/artifactregistry.googleapis.com 200
[debug] [2023-05-17T03:31:31.912Z] <<< [apiv2][body] GET https://serviceusage.googleapis.com/v1/projects/video-store-77873/services/artifactregistry.googleapis.com [omitted]
[info] ✔  artifactregistry: required API artifactregistry.googleapis.com is enabled 
[debug] [2023-05-17T03:31:31.913Z] <<< [apiv2][status] GET https://serviceusage.googleapis.com/v1/projects/video-store-77873/services/runtimeconfig.googleapis.com 200
[debug] [2023-05-17T03:31:31.913Z] <<< [apiv2][body] GET https://serviceusage.googleapis.com/v1/projects/video-store-77873/services/runtimeconfig.googleapis.com [omitted]
[debug] [2023-05-17T03:31:31.914Z] <<< [apiv2][status] GET https://serviceusage.googleapis.com/v1/projects/video-store-77873/services/cloudbuild.googleapis.com 200
[debug] [2023-05-17T03:31:31.914Z] <<< [apiv2][body] GET https://serviceusage.googleapis.com/v1/projects/video-store-77873/services/cloudbuild.googleapis.com [omitted]
[info] ✔  functions: required API cloudbuild.googleapis.com is enabled 
[debug] [2023-05-17T03:31:31.915Z] >>> [apiv2][query] GET https://firebase.googleapis.com/v1beta1/projects/video-store-77873/adminSdkConfig [none]
[debug] [2023-05-17T03:31:32.729Z] <<< [apiv2][status] GET https://firebase.googleapis.com/v1beta1/projects/video-store-77873/adminSdkConfig 200
[debug] [2023-05-17T03:31:32.729Z] <<< [apiv2][body] GET https://firebase.googleapis.com/v1beta1/projects/video-store-77873/adminSdkConfig {"projectId":"video-store-77873","databaseURL":"https://video-store-77873-default-rtdb.firebaseio.com","storageBucket":"video-store-77873.appspot.com","locationId":"us-central"}
[debug] [2023-05-17T03:31:32.730Z] >>> [apiv2][query] GET https://runtimeconfig.googleapis.com/v1beta1/projects/video-store-77873/configs [none]
[debug] [2023-05-17T03:31:34.186Z] <<< [apiv2][status] GET https://runtimeconfig.googleapis.com/v1beta1/projects/video-store-77873/configs 200
[debug] [2023-05-17T03:31:34.187Z] <<< [apiv2][body] GET https://runtimeconfig.googleapis.com/v1beta1/projects/video-store-77873/configs {"configs":[{"name":"projects/video-store-77873/configs/stripe"}]}
[debug] [2023-05-17T03:31:34.188Z] >>> [apiv2][query] GET https://runtimeconfig.googleapis.com/v1beta1/projects/video-store-77873/configs/stripe/variables [none]
[debug] [2023-05-17T03:31:34.767Z] <<< [apiv2][status] GET https://runtimeconfig.googleapis.com/v1beta1/projects/video-store-77873/configs/stripe/variables 200
[debug] [2023-05-17T03:31:34.767Z] <<< [apiv2][body] GET https://runtimeconfig.googleapis.com/v1beta1/projects/video-store-77873/configs/stripe/variables {"variables":[{"name":"projects/video-store-77873/configs/stripe/variables/secret_key","updateTime":"2023-05-17T02:27:54.141186992Z"},{"name":"projects/video-store-77873/configs/stripe/variables/payments_webhook_secret","updateTime":"2023-05-06T02:53:50.455217736Z"}]}
[debug] [2023-05-17T03:31:34.768Z] >>> [apiv2][query] GET https://runtimeconfig.googleapis.com/v1beta1/projects/video-store-77873/configs/stripe/variables/secret_key [none]
[debug] [2023-05-17T03:31:34.771Z] >>> [apiv2][query] GET https://runtimeconfig.googleapis.com/v1beta1/projects/video-store-77873/configs/stripe/variables/payments_webhook_secret [none]
[debug] [2023-05-17T03:31:35.431Z] <<< [apiv2][status] GET https://runtimeconfig.googleapis.com/v1beta1/projects/video-store-77873/configs/stripe/variables/payments_webhook_secret 200
[debug] [2023-05-17T03:31:35.432Z] <<< [apiv2][body] GET https://runtimeconfig.googleapis.com/v1beta1/projects/video-store-77873/configs/stripe/variables/payments_webhook_secret {"name":"projects/video-store-77873/configs/stripe/variables/payments_webhook_secret","updateTime":"2023-05-06T02:53:50.455217736Z","text":"whsec_b0AgHOAzMGyvgvQJrJtsc64tjFNlMVCc"}
[debug] [2023-05-17T03:31:35.442Z] <<< [apiv2][status] GET https://runtimeconfig.googleapis.com/v1beta1/projects/video-store-77873/configs/stripe/variables/secret_key 200
[debug] [2023-05-17T03:31:35.442Z] <<< [apiv2][body] GET https://runtimeconfig.googleapis.com/v1beta1/projects/video-store-77873/configs/stripe/variables/secret_key {"name":"projects/video-store-77873/configs/stripe/variables/secret_key","updateTime":"2023-05-17T02:27:54.141186992Z","text":"sk_test_51N2Y2GHlpGuoLlemutjw2MUzFEeGRxNv0Oh4QCkWzWnYgRF8xxBs8DJfRWGPRLPpyFK7x1WtD3AjOjWkopI73zfZ00O2FjwooW"}
[debug] [2023-05-17T03:31:35.447Z] Validating nodejs source
[warn] ⚠  functions: package.json indicates an outdated version of firebase-functions. Please upgrade using npm install --save firebase-functions@latest in your functions directory. 
[debug] [2023-05-17T03:31:36.916Z] > [functions] package.json contents: {
  "name": "functions",
  "description": "Cloud Functions for Firebase",
  "scripts": {
    "lint": "eslint .",
    "serve": "firebase emulators:start --only functions",
    "shell": "firebase functions:shell",
    "start": "npm run shell",
    "deploy": "firebase deploy --only functions",
    "logs": "firebase functions:log"
  },
  "engines": {
    "node": "16"
  },
  "main": "index.js",
  "dependencies": {
    "cors": "^2.8.5",
    "firebase-admin": "^11.5.0",
    "firebase-functions": "^4.2.0",
    "stripe": "^12.3.0"
  },
  "devDependencies": {
    "eslint": "^8.15.0",
    "eslint-config-google": "^0.14.0",
    "firebase-functions-test": "^3.0.0"
  },
  "private": true
}
[debug] [2023-05-17T03:31:36.917Z] Building nodejs source
[debug] [2023-05-17T03:31:36.918Z] Could not find functions.yaml. Must use http discovery
[debug] [2023-05-17T03:31:36.924Z] Found firebase-functions binary at '/Users/wingfunglau/Desktop/Desktop/General Assembly/projects/videostore/functions/node_modules/.bin/firebase-functions'
[debug] [2023-05-17T03:31:37.044Z] Serving at port 8681

[debug] [2023-05-17T03:31:37.189Z] Got response from /__/functions.yaml {"endpoints":{"createStripeCheckout":{"platform":"gcfv1","labels":{},"availableMemoryMb":null,"timeoutSeconds":null,"minInstances":null,"maxInstances":null,"ingressSettings":null,"serviceAccountEmail":null,"vpc":null,"callableTrigger":{},"entryPoint":"createStripeCheckout"},"stripeWebhook":{"platform":"gcfv1","availableMemoryMb":null,"timeoutSeconds":null,"minInstances":null,"maxInstances":null,"ingressSettings":null,"serviceAccountEmail":null,"vpc":null,"httpsTrigger":{},"entryPoint":"stripeWebhook"}},"specVersion":"v1alpha1","requiredAPIs":[]}
[debug] [2023-05-17T03:31:37.193Z] shutdown requested via /__/quitquitquit

[info] i  functions: preparing functions directory for uploading... 
[info] i  functions: packaged /Users/wingfunglau/Desktop/Desktop/General Assembly/projects/videostore/functions (142.54 KB) for uploading 
[debug] [2023-05-17T03:31:37.218Z] >>> [apiv2][query] GET https://cloudfunctions.googleapis.com/v1/projects/video-store-77873/locations/-/functions [none]
[debug] [2023-05-17T03:31:38.404Z] <<< [apiv2][status] GET https://cloudfunctions.googleapis.com/v1/projects/video-store-77873/locations/-/functions 200
[debug] [2023-05-17T03:31:38.404Z] <<< [apiv2][body] GET https://cloudfunctions.googleapis.com/v1/projects/video-store-77873/locations/-/functions {"functions":[{"name":"projects/video-store-77873/locations/us-central1/functions/R-items","eventTrigger":{"eventType":"providers/cloud.firestore/eventTypes/document.write","resource":"projects/video-store-77873/databases/(default)/documents/items/{docId}","service":"firestore.googleapis.com","failurePolicy":{}},"status":"ACTIVE","entryPoint":"R.items","timeout":"60s","availableMemoryMb":256,"serviceAccountEmail":"rowy-functions@video-store-77873.iam.gserviceaccount.com","updateTime":"2023-05-02T07:35:01.805Z","versionId":"1","labels":{"deployment-tool":"cli-firebase","firebase-functions-hash":"47e931f565c924b0448511636e9ef0b1a0e09668"},"sourceUploadUrl":"https://storage.googleapis.com/uploads-733387378684.us-central1.cloudfunctions.appspot.com/8ea03b06-b00d-4b8c-a171-613f118bd5ba.zip","environmentVariables":{"FIREBASE_CONFIG":"{\"projectId\":\"video-store-77873\",\"databaseURL\":\"https://video-store-77873-default-rtdb.firebaseio.com\",\"storageBucket\":\"video-store-77873.appspot.com\",\"locationId\":\"us-central\"}","GCLOUD_PROJECT":"video-store-77873","EVENTARC_CLOUD_EVENT_SOURCE":"projects/video-store-77873/locations/us-central1/functions/R-items"},"runtime":"nodejs18","maxInstances":3000,"ingressSettings":"ALLOW_ALL","buildId":"d3e9ae0b-cd46-4725-a985-f5257d574a90","buildName":"projects/413804572532/locations/us-central1/builds/d3e9ae0b-cd46-4725-a985-f5257d574a90","dockerRegistry":"ARTIFACT_REGISTRY"},{"name":"projects/video-store-77873/locations/us-central1/functions/R-products","eventTrigger":{"eventType":"providers/cloud.firestore/eventTypes/document.write","resource":"projects/video-store-77873/databases/(default)/documents/products/{docId}","service":"firestore.googleapis.com","failurePolicy":{}},"status":"ACTIVE","entryPoint":"R.products","timeout":"60s","availableMemoryMb":256,"serviceAccountEmail":"rowy-functions@video-store-77873.iam.gserviceaccount.com","updateTime":"2023-05-15T13:29:01.236Z","versionId":"6","labels":{"deployment-tool":"cli-firebase","firebase-functions-hash":"0a1de73f611691d5a8596c47ec7b1407cf32815f"},"sourceUploadUrl":"https://storage.googleapis.com/uploads-733387378684.us-central1.cloudfunctions.appspot.com/7810b42a-997a-4daa-ab5b-ff3221288970.zip","environmentVariables":{"FIREBASE_CONFIG":"{\"projectId\":\"video-store-77873\",\"databaseURL\":\"https://video-store-77873-default-rtdb.firebaseio.com\",\"storageBucket\":\"video-store-77873.appspot.com\",\"locationId\":\"us-central\"}","GCLOUD_PROJECT":"video-store-77873","EVENTARC_CLOUD_EVENT_SOURCE":"projects/video-store-77873/locations/us-central1/functions/R-products"},"runtime":"nodejs18","maxInstances":3000,"ingressSettings":"ALLOW_ALL","buildId":"c1b96c59-ccd3-4291-a7b2-c2b3c72e0cee","buildName":"projects/413804572532/locations/us-central1/builds/c1b96c59-ccd3-4291-a7b2-c2b3c72e0cee","dockerRegistry":"ARTIFACT_REGISTRY"},{"name":"projects/video-store-77873/locations/us-central1/functions/createStripeCheckout","httpsTrigger":{"url":"https://us-central1-video-store-77873.cloudfunctions.net/createStripeCheckout","securityLevel":"SECURE_ALWAYS"},"status":"ACTIVE","entryPoint":"createStripeCheckout","timeout":"60s","availableMemoryMb":256,"serviceAccountEmail":"video-store-77873@appspot.gserviceaccount.com","updateTime":"2023-05-13T04:08:32.695Z","versionId":"45","labels":{"deployment-tool":"cli-firebase","deployment-callable":"true","firebase-functions-hash":"cbb92d58674b6187da5b9ef6380f8c551e82d8d3"},"sourceUploadUrl":"https://storage.googleapis.com/uploads-733387378684.us-central1.cloudfunctions.appspot.com/19463590-07e0-4ccf-8084-4a802af6f9a1.zip","environmentVariables":{"FIREBASE_CONFIG":"{\"projectId\":\"video-store-77873\",\"databaseURL\":\"https://video-store-77873-default-rtdb.firebaseio.com\",\"storageBucket\":\"video-store-77873.appspot.com\",\"locationId\":\"us-central\"}","GCLOUD_PROJECT":"video-store-77873","EVENTARC_CLOUD_EVENT_SOURCE":"projects/video-store-77873/locations/us-central1/functions/createStripeCheckout"},"runtime":"nodejs16","ingressSettings":"ALLOW_ALL","buildId":"53322a5f-90b4-41f4-888a-f2972ba98a4b","buildEnvironmentVariables":{"GOOGLE_NODE_RUN_SCRIPTS":""},"buildName":"projects/413804572532/locations/us-central1/builds/53322a5f-90b4-41f4-888a-f2972ba98a4b","dockerRegistry":"ARTIFACT_REGISTRY"},{"name":"projects/video-store-77873/locations/us-central1/functions/ext-firestore-stripe-payments-createCheckoutSession","description":"Creates a Checkout session to collect the customer's payment details.","sourceArchiveUrl":"gs://firebase-mod-sources-prod/cf7d5a0cf8fa1375b009b304631f059e5ef84fad65c179266e1889d092765f0c","eventTrigger":{"eventType":"providers/cloud.firestore/eventTypes/document.create","resource":"projects/video-store-77873/databases/(default)/documents/customers/{uid}/checkout_sessions/{id}","service":"firestore.googleapis.com","failurePolicy":{}},"status":"ACTIVE","entryPoint":"createCheckoutSession","timeout":"60s","availableMemoryMb":256,"serviceAccountEmail":"ext-firestore-stripe-payments@video-store-77873.iam.gserviceaccount.com","updateTime":"2023-05-03T08:50:52.827Z","versionId":"2","labels":{"firebase-extensions-ar":"enabled","goog-dm":"firebase-ext-firestore-stripe-payments","goog-firebase-ext":"firestore-stripe-payments","deployment-tool":"firebase-extensions","goog-firebase-ext-iid":"firestore-stripe-payments"},"environmentVariables":{"CREATE_CHECKOUT_SESSION_MIN_INSTANCES":"0","CUSTOMERS_COLLECTION":"customers","DATABASE_INSTANCE":"video-store-77873-default-rtdb","DATABASE_URL":"https://video-store-77873-default-rtdb.firebaseio.com","DELETE_STRIPE_CUSTOMERS":"Do not delete","EXT_INSTANCE_ID":"firestore-stripe-payments","FIREBASE_CONFIG":"{\"projectId\":\"video-store-77873\",\"databaseURL\":\"https://video-store-77873-default-rtdb.firebaseio.com\",\"storageBucket\":\"video-store-77873.appspot.com\"}","GCLOUD_PROJECT":"video-store-77873","LOCATION":"us-central1","PRODUCTS_COLLECTION":"products","PROJECT_ID":"video-store-77873","STORAGE_BUCKET":"video-store-77873.appspot.com","STRIPE_CONFIG_COLLECTION":"configuration","SYNC_USERS_ON_CREATE":"Sync"},"runtime":"nodejs14","maxInstances":3000,"ingressSettings":"ALLOW_INTERNAL_ONLY","buildId":"9c5f6bd8-568c-4b9f-a2bf-c938f7e1ef33","buildEnvironmentVariables":{"GOOGLE_NODE_RUN_SCRIPTS":""},"secretEnvironmentVariables":[{"key":"STRIPE_API_KEY","projectId":"413804572532","secret":"firestore-stripe-payments-STRIPE_API_KEY","version":"3"},{"key":"STRIPE_WEBHOOK_SECRET","projectId":"413804572532","secret":"firestore-stripe-payments-STRIPE_WEBHOOK_SECRET-vmyk","version":"1"}],"buildName":"projects/413804572532/locations/us-central1/builds/9c5f6bd8-568c-4b9f-a2bf-c938f7e1ef33","dockerRegistry":"ARTIFACT_REGISTRY"},{"name":"projects/video-store-77873/locations/us-central1/functions/ext-firestore-stripe-payments-createCustomer","description":"Creates a Stripe customer object when a new user signs up.","sourceArchiveUrl":"gs://firebase-mod-sources-prod/cf7d5a0cf8fa1375b009b304631f059e5ef84fad65c179266e1889d092765f0c","eventTrigger":{"eventType":"providers/firebase.auth/eventTypes/user.create","resource":"projects/video-store-77873","service":"firebaseauth.googleapis.com","failurePolicy":{}},"status":"ACTIVE","entryPoint":"createCustomer","timeout":"60s","availableMemoryMb":256,"serviceAccountEmail":"ext-firestore-stripe-payments@video-store-77873.iam.gserviceaccount.com","updateTime":"2023-05-03T08:50:20.493Z","versionId":"2","labels":{"firebase-extensions-ar":"enabled","goog-dm":"firebase-ext-firestore-stripe-payments","goog-firebase-ext":"firestore-stripe-payments","deployment-tool":"firebase-extensions","goog-firebase-ext-iid":"firestore-stripe-payments"},"environmentVariables":{"CREATE_CHECKOUT_SESSION_MIN_INSTANCES":"0","CUSTOMERS_COLLECTION":"customers","DATABASE_INSTANCE":"video-store-77873-default-rtdb","DATABASE_URL":"https://video-store-77873-default-rtdb.firebaseio.com","DELETE_STRIPE_CUSTOMERS":"Do not delete","EXT_INSTANCE_ID":"firestore-stripe-payments","FIREBASE_CONFIG":"{\"projectId\":\"video-store-77873\",\"databaseURL\":\"https://video-store-77873-default-rtdb.firebaseio.com\",\"storageBucket\":\"video-store-77873.appspot.com\"}","GCLOUD_PROJECT":"video-store-77873","LOCATION":"us-central1","PRODUCTS_COLLECTION":"products","PROJECT_ID":"video-store-77873","STORAGE_BUCKET":"video-store-77873.appspot.com","STRIPE_CONFIG_COLLECTION":"configuration","SYNC_USERS_ON_CREATE":"Sync"},"runtime":"nodejs14","maxInstances":3000,"ingressSettings":"ALLOW_INTERNAL_ONLY","buildId":"449d3a48-6227-434b-80bc-e2283b93f0cd","buildEnvironmentVariables":{"GOOGLE_NODE_RUN_SCRIPTS":""},"secretEnvironmentVariables":[{"key":"STRIPE_API_KEY","projectId":"413804572532","secret":"firestore-stripe-payments-STRIPE_API_KEY","version":"3"},{"key":"STRIPE_WEBHOOK_SECRET","projectId":"413804572532","secret":"firestore-stripe-payments-STRIPE_WEBHOOK_SECRET-vmyk","version":"1"}],"buildName":"projects/413804572532/locations/us-central1/builds/449d3a48-6227-434b-80bc-e2283b93f0cd","dockerRegistry":"ARTIFACT_REGISTRY"},{"name":"projects/video-store-77873/locations/us-central1/functions/ext-firestore-stripe-payments-createPortalLink","description":"Creates links to the customer portal for the user to manage their payment & subscription details.","sourceArchiveUrl":"gs://firebase-mod-sources-prod/cf7d5a0cf8fa1375b009b304631f059e5ef84fad65c179266e1889d092765f0c","httpsTrigger":{"url":"https://us-central1-video-store-77873.cloudfunctions.net/ext-firestore-stripe-payments-createPortalLink","securityLevel":"SECURE_OPTIONAL"},"status":"ACTIVE","entryPoint":"createPortalLink","timeout":"60s","availableMemoryMb":256,"serviceAccountEmail":"ext-firestore-stripe-payments@video-store-77873.iam.gserviceaccount.com","updateTime":"2023-05-03T08:50:29.219Z","versionId":"2","labels":{"firebase-extensions-ar":"enabled","goog-dm":"firebase-ext-firestore-stripe-payments","goog-firebase-ext":"firestore-stripe-payments","deployment-tool":"firebase-extensions","goog-firebase-ext-iid":"firestore-stripe-payments"},"environmentVariables":{"CREATE_CHECKOUT_SESSION_MIN_INSTANCES":"0","CUSTOMERS_COLLECTION":"customers","DATABASE_INSTANCE":"video-store-77873-default-rtdb","DATABASE_URL":"https://video-store-77873-default-rtdb.firebaseio.com","DELETE_STRIPE_CUSTOMERS":"Do not delete","EXT_INSTANCE_ID":"firestore-stripe-payments","FIREBASE_CONFIG":"{\"projectId\":\"video-store-77873\",\"databaseURL\":\"https://video-store-77873-default-rtdb.firebaseio.com\",\"storageBucket\":\"video-store-77873.appspot.com\"}","GCLOUD_PROJECT":"video-store-77873","LOCATION":"us-central1","PRODUCTS_COLLECTION":"products","PROJECT_ID":"video-store-77873","STORAGE_BUCKET":"video-store-77873.appspot.com","STRIPE_CONFIG_COLLECTION":"configuration","SYNC_USERS_ON_CREATE":"Sync"},"runtime":"nodejs14","maxInstances":3000,"ingressSettings":"ALLOW_ALL","buildId":"66b56c1b-ca72-4de0-bb2e-a4d3fb3ea75c","buildEnvironmentVariables":{"GOOGLE_NODE_RUN_SCRIPTS":""},"secretEnvironmentVariables":[{"key":"STRIPE_API_KEY","projectId":"413804572532","secret":"firestore-stripe-payments-STRIPE_API_KEY","version":"3"},{"key":"STRIPE_WEBHOOK_SECRET","projectId":"413804572532","secret":"firestore-stripe-payments-STRIPE_WEBHOOK_SECRET-vmyk","version":"1"}],"buildName":"projects/413804572532/locations/us-central1/builds/66b56c1b-ca72-4de0-bb2e-a4d3fb3ea75c","dockerRegistry":"ARTIFACT_REGISTRY"},{"name":"projects/video-store-77873/locations/us-central1/functions/ext-firestore-stripe-payments-handleWebhookEvents","description":"Handles Stripe webhook events to keep subscription statuses in sync and update custom claims.","sourceArchiveUrl":"gs://firebase-mod-sources-prod/cf7d5a0cf8fa1375b009b304631f059e5ef84fad65c179266e1889d092765f0c","httpsTrigger":{"url":"https://us-central1-video-store-77873.cloudfunctions.net/ext-firestore-stripe-payments-handleWebhookEvents","securityLevel":"SECURE_OPTIONAL"},"status":"ACTIVE","entryPoint":"handleWebhookEvents","timeout":"60s","availableMemoryMb":256,"serviceAccountEmail":"ext-firestore-stripe-payments@video-store-77873.iam.gserviceaccount.com","updateTime":"2023-05-03T08:50:17.432Z","versionId":"2","labels":{"firebase-extensions-ar":"enabled","goog-dm":"firebase-ext-firestore-stripe-payments","goog-firebase-ext":"firestore-stripe-payments","deployment-tool":"firebase-extensions","goog-firebase-ext-iid":"firestore-stripe-payments"},"environmentVariables":{"CREATE_CHECKOUT_SESSION_MIN_INSTANCES":"0","CUSTOMERS_COLLECTION":"customers","DATABASE_INSTANCE":"video-store-77873-default-rtdb","DATABASE_URL":"https://video-store-77873-default-rtdb.firebaseio.com","DELETE_STRIPE_CUSTOMERS":"Do not delete","EXT_INSTANCE_ID":"firestore-stripe-payments","FIREBASE_CONFIG":"{\"projectId\":\"video-store-77873\",\"databaseURL\":\"https://video-store-77873-default-rtdb.firebaseio.com\",\"storageBucket\":\"video-store-77873.appspot.com\"}","GCLOUD_PROJECT":"video-store-77873","LOCATION":"us-central1","PRODUCTS_COLLECTION":"products","PROJECT_ID":"video-store-77873","STORAGE_BUCKET":"video-store-77873.appspot.com","STRIPE_CONFIG_COLLECTION":"configuration","SYNC_USERS_ON_CREATE":"Sync"},"runtime":"nodejs14","maxInstances":3000,"ingressSettings":"ALLOW_ALL","buildId":"e020dd61-f7dd-4766-bc44-595ece3caaad","buildEnvironmentVariables":{"GOOGLE_NODE_RUN_SCRIPTS":""},"secretEnvironmentVariables":[{"key":"STRIPE_API_KEY","projectId":"413804572532","secret":"firestore-stripe-payments-STRIPE_API_KEY","version":"3"},{"key":"STRIPE_WEBHOOK_SECRET","projectId":"413804572532","secret":"firestore-stripe-payments-STRIPE_WEBHOOK_SECRET-vmyk","version":"1"}],"buildName":"projects/413804572532/locations/us-central1/builds/e020dd61-f7dd-4766-bc44-595ece3caaad","dockerRegistry":"ARTIFACT_REGISTRY"},{"name":"projects/video-store-77873/locations/us-central1/functions/ext-firestore-stripe-payments-onCustomerDataDeleted","description":"Deletes the Stripe customer object and cancels all their subscriptions when the customer doc in Cloud Firestore is deleted.","sourceArchiveUrl":"gs://firebase-mod-sources-prod/cf7d5a0cf8fa1375b009b304631f059e5ef84fad65c179266e1889d092765f0c","eventTrigger":{"eventType":"providers/cloud.firestore/eventTypes/document.delete","resource":"projects/video-store-77873/databases/(default)/documents/customers/{uid}","service":"firestore.googleapis.com","failurePolicy":{}},"status":"ACTIVE","entryPoint":"onCustomerDataDeleted","timeout":"60s","availableMemoryMb":256,"serviceAccountEmail":"ext-firestore-stripe-payments@video-store-77873.iam.gserviceaccount.com","updateTime":"2023-05-03T08:51:36.566Z","versionId":"2","labels":{"firebase-extensions-ar":"enabled","goog-dm":"firebase-ext-firestore-stripe-payments","goog-firebase-ext":"firestore-stripe-payments","deployment-tool":"firebase-extensions","goog-firebase-ext-iid":"firestore-stripe-payments"},"environmentVariables":{"CREATE_CHECKOUT_SESSION_MIN_INSTANCES":"0","CUSTOMERS_COLLECTION":"customers","DATABASE_INSTANCE":"video-store-77873-default-rtdb","DATABASE_URL":"https://video-store-77873-default-rtdb.firebaseio.com","DELETE_STRIPE_CUSTOMERS":"Do not delete","EXT_INSTANCE_ID":"firestore-stripe-payments","FIREBASE_CONFIG":"{\"projectId\":\"video-store-77873\",\"databaseURL\":\"https://video-store-77873-default-rtdb.firebaseio.com\",\"storageBucket\":\"video-store-77873.appspot.com\"}","GCLOUD_PROJECT":"video-store-77873","LOCATION":"us-central1","PRODUCTS_COLLECTION":"products","PROJECT_ID":"video-store-77873","STORAGE_BUCKET":"video-store-77873.appspot.com","STRIPE_CONFIG_COLLECTION":"configuration","SYNC_USERS_ON_CREATE":"Sync"},"runtime":"nodejs14","maxInstances":3000,"ingressSettings":"ALLOW_INTERNAL_ONLY","buildId":"f2a00c23-ec41-4dbe-8e28-80038e43ed1b","buildEnvironmentVariables":{"GOOGLE_NODE_RUN_SCRIPTS":""},"secretEnvironmentVariables":[{"key":"STRIPE_API_KEY","projectId":"413804572532","secret":"firestore-stripe-payments-STRIPE_API_KEY","version":"3"},{"key":"STRIPE_WEBHOOK_SECRET","projectId":"413804572532","secret":"firestore-stripe-payments-STRIPE_WEBHOOK_SECRET-vmyk","version":"1"}],"buildName":"projects/413804572532/locations/us-central1/builds/f2a00c23-ec41-4dbe-8e28-80038e43ed1b","dockerRegistry":"ARTIFACT_REGISTRY"},{"name":"projects/video-store-77873/locations/us-central1/functions/ext-firestore-stripe-payments-onUserDeleted","description":"Deletes the Stripe customer object and cancels all their subscriptions when the user is deleted in Firebase Authentication.","sourceArchiveUrl":"gs://firebase-mod-sources-prod/cf7d5a0cf8fa1375b009b304631f059e5ef84fad65c179266e1889d092765f0c","eventTrigger":{"eventType":"providers/firebase.auth/eventTypes/user.delete","resource":"projects/video-store-77873","service":"firebaseauth.googleapis.com","failurePolicy":{}},"status":"ACTIVE","entryPoint":"onUserDeleted","timeout":"60s","availableMemoryMb":256,"serviceAccountEmail":"ext-firestore-stripe-payments@video-store-77873.iam.gserviceaccount.com","updateTime":"2023-05-03T08:50:20.555Z","versionId":"2","labels":{"firebase-extensions-ar":"enabled","goog-dm":"firebase-ext-firestore-stripe-payments","goog-firebase-ext":"firestore-stripe-payments","deployment-tool":"firebase-extensions","goog-firebase-ext-iid":"firestore-stripe-payments"},"environmentVariables":{"CREATE_CHECKOUT_SESSION_MIN_INSTANCES":"0","CUSTOMERS_COLLECTION":"customers","DATABASE_INSTANCE":"video-store-77873-default-rtdb","DATABASE_URL":"https://video-store-77873-default-rtdb.firebaseio.com","DELETE_STRIPE_CUSTOMERS":"Do not delete","EXT_INSTANCE_ID":"firestore-stripe-payments","FIREBASE_CONFIG":"{\"projectId\":\"video-store-77873\",\"databaseURL\":\"https://video-store-77873-default-rtdb.firebaseio.com\",\"storageBucket\":\"video-store-77873.appspot.com\"}","GCLOUD_PROJECT":"video-store-77873","LOCATION":"us-central1","PRODUCTS_COLLECTION":"products","PROJECT_ID":"video-store-77873","STORAGE_BUCKET":"video-store-77873.appspot.com","STRIPE_CONFIG_COLLECTION":"configuration","SYNC_USERS_ON_CREATE":"Sync"},"runtime":"nodejs14","maxInstances":3000,"ingressSettings":"ALLOW_INTERNAL_ONLY","buildId":"be53ff4f-d34e-4e23-ba9f-be4b7dbeb046","buildEnvironmentVariables":{"GOOGLE_NODE_RUN_SCRIPTS":""},"secretEnvironmentVariables":[{"key":"STRIPE_API_KEY","projectId":"413804572532","secret":"firestore-stripe-payments-STRIPE_API_KEY","version":"3"},{"key":"STRIPE_WEBHOOK_SECRET","projectId":"413804572532","secret":"firestore-stripe-payments-STRIPE_WEBHOOK_SECRET-vmyk","version":"1"}],"buildName":"projects/413804572532/locations/us-central1/builds/be53ff4f-d34e-4e23-ba9f-be4b7dbeb046","dockerRegistry":"ARTIFACT_REGISTRY"},{"name":"projects/video-store-77873/locations/us-central1/functions/stripeWebhook","httpsTrigger":{"url":"https://us-central1-video-store-77873.cloudfunctions.net/stripeWebhook","securityLevel":"SECURE_ALWAYS"},"status":"ACTIVE","entryPoint":"stripeWebhook","timeout":"60s","availableMemoryMb":256,"serviceAccountEmail":"video-store-77873@appspot.gserviceaccount.com","updateTime":"2023-05-13T04:08:31.368Z","versionId":"45","labels":{"deployment-tool":"cli-firebase","firebase-functions-hash":"cbb92d58674b6187da5b9ef6380f8c551e82d8d3"},"sourceUploadUrl":"https://storage.googleapis.com/uploads-733387378684.us-central1.cloudfunctions.appspot.com/19463590-07e0-4ccf-8084-4a802af6f9a1.zip","environmentVariables":{"FIREBASE_CONFIG":"{\"projectId\":\"video-store-77873\",\"databaseURL\":\"https://video-store-77873-default-rtdb.firebaseio.com\",\"storageBucket\":\"video-store-77873.appspot.com\",\"locationId\":\"us-central\"}","GCLOUD_PROJECT":"video-store-77873","EVENTARC_CLOUD_EVENT_SOURCE":"projects/video-store-77873/locations/us-central1/functions/stripeWebhook"},"runtime":"nodejs16","ingressSettings":"ALLOW_ALL","buildId":"53322a5f-90b4-41f4-888a-f2972ba98a4b","buildEnvironmentVariables":{"GOOGLE_NODE_RUN_SCRIPTS":""},"buildName":"projects/413804572532/locations/us-central1/builds/53322a5f-90b4-41f4-888a-f2972ba98a4b","dockerRegistry":"ARTIFACT_REGISTRY"}]}
[debug] [2023-05-17T03:31:38.413Z] >>> [apiv2][query] GET https://cloudfunctions.googleapis.com/v2/projects/video-store-77873/locations/-/functions filter=environment%3D%22GEN_2%22
[debug] [2023-05-17T03:31:40.443Z] <<< [apiv2][status] GET https://cloudfunctions.googleapis.com/v2/projects/video-store-77873/locations/-/functions 200
[debug] [2023-05-17T03:31:40.444Z] <<< [apiv2][body] GET https://cloudfunctions.googleapis.com/v2/projects/video-store-77873/locations/-/functions {}
[debug] [2023-05-17T03:31:40.460Z] >>> [apiv2][query] GET https://firebase.googleapis.com/v1beta1/projects/video-store-77873 [none]
[debug] [2023-05-17T03:31:41.206Z] <<< [apiv2][status] GET https://firebase.googleapis.com/v1beta1/projects/video-store-77873 200
[debug] [2023-05-17T03:31:41.206Z] <<< [apiv2][body] GET https://firebase.googleapis.com/v1beta1/projects/video-store-77873 {"projectId":"video-store-77873","projectNumber":"413804572532","displayName":"video store","name":"projects/video-store-77873","resources":{"hostingSite":"video-store-77873","realtimeDatabaseInstance":"video-store-77873-default-rtdb","storageBucket":"video-store-77873.appspot.com","locationId":"us-central"},"state":"ACTIVE","etag":"1_e8efce33-768e-4021-b7d6-c5e408fc04ed"}
[debug] [2023-05-17T03:31:41.210Z] >>> [apiv2][query] POST https://cloudfunctions.googleapis.com/v1/projects/video-store-77873/locations/us-central1/functions:generateUploadUrl [none]
[debug] [2023-05-17T03:31:41.210Z] >>> [apiv2][body] POST https://cloudfunctions.googleapis.com/v1/projects/video-store-77873/locations/us-central1/functions:generateUploadUrl {}
[debug] [2023-05-17T03:31:42.187Z] <<< [apiv2][status] POST https://cloudfunctions.googleapis.com/v1/projects/video-store-77873/locations/us-central1/functions:generateUploadUrl 200
[debug] [2023-05-17T03:31:42.187Z] <<< [apiv2][body] POST https://cloudfunctions.googleapis.com/v1/projects/video-store-77873/locations/us-central1/functions:generateUploadUrl {"uploadUrl":"https://storage.googleapis.com/uploads-733387378684.us-central1.cloudfunctions.appspot.com/97369137-29a7-4863-b3ee-8bb744418962.zip?GoogleAccessId=service-413804572532@gcf-admin-robot.iam.gserviceaccount.com&Expires=1684296101&Signature=YPd2Kbp9efOBx59xVPnSjiyecE0esaLZOSpkI%2BdiBjl%2FG%2F8iG%2BgFY%2BolVbFe5uEfJ1cakQAHrEhU5H5X2Uuu6yY2Q%2FqTSCsmryt%2BwJd0ibj2xGQ3%2BDphxRJ44AuOqu8r4IKRFtWS5QLihQ4LVfycdJPHQa5gtDgnbMnbRyBG4U9h9lFQYll0sS5Xo0Jnmw1coU0ytnE0NjKJacPWJqhLlOczvCbC%2FvNc2UChO2EAPqhVzlTuVdd13z0mjhqKsRhMrtapY0ORXDxD2lf7HWpLP6CU1tGcqhwdHr6sgC%2Fu4zxfy3h%2FUfO3cnxn4wEYv9MQbiDqhWxtGDffIGXePlEKMA%3D%3D"}
[debug] [2023-05-17T03:31:42.194Z] >>> [apiv2][query] PUT https://storage.googleapis.com/uploads-733387378684.us-central1.cloudfunctions.appspot.com/97369137-29a7-4863-b3ee-8bb744418962.zip GoogleAccessId=service-413804572532%40gcf-admin-robot.iam.gserviceaccount.com&Expires=1684296101&Signature=YPd2Kbp9efOBx59xVPnSjiyecE0esaLZOSpkI%2BdiBjl%2FG%2F8iG%2BgFY%2BolVbFe5uEfJ1cakQAHrEhU5H5X2Uuu6yY2Q%2FqTSCsmryt%2BwJd0ibj2xGQ3%2BDphxRJ44AuOqu8r4IKRFtWS5QLihQ4LVfycdJPHQa5gtDgnbMnbRyBG4U9h9lFQYll0sS5Xo0Jnmw1coU0ytnE0NjKJacPWJqhLlOczvCbC%2FvNc2UChO2EAPqhVzlTuVdd13z0mjhqKsRhMrtapY0ORXDxD2lf7HWpLP6CU1tGcqhwdHr6sgC%2Fu4zxfy3h%2FUfO3cnxn4wEYv9MQbiDqhWxtGDffIGXePlEKMA%3D%3D
[debug] [2023-05-17T03:31:42.194Z] >>> [apiv2][body] PUT https://storage.googleapis.com/uploads-733387378684.us-central1.cloudfunctions.appspot.com/97369137-29a7-4863-b3ee-8bb744418962.zip [stream]
[debug] [2023-05-17T03:31:42.900Z] <<< [apiv2][status] PUT https://storage.googleapis.com/uploads-733387378684.us-central1.cloudfunctions.appspot.com/97369137-29a7-4863-b3ee-8bb744418962.zip 200
[debug] [2023-05-17T03:31:42.901Z] <<< [apiv2][body] PUT https://storage.googleapis.com/uploads-733387378684.us-central1.cloudfunctions.appspot.com/97369137-29a7-4863-b3ee-8bb744418962.zip [omitted]
[info] ✔  functions: functions folder uploaded successfully 
[info] i  functions: Skipping the deploy of unchanged functions with experimental support for skipdeployingnoopfunctions 
[info] 
The following functions are found in your project but do not exist in your local source code:
	R-items(us-central1)
	R-products(us-central1)

If you are renaming a function or changing its region, it is recommended that you create the new function first before deleting the old one to prevent event loss. For more info, visit https://firebase.google.com/docs/functions/manage-functions#modify

