[debug] [2023-05-03T06:04:36.161Z] ----------------------------------------------------------------------
[debug] [2023-05-03T06:04:36.162Z] Command:       /usr/local/bin/node /Users/wingfunglau/.npm-packages/bin/firebase deploy --only functions
[debug] [2023-05-03T06:04:36.162Z] CLI Version:   11.29.1
[debug] [2023-05-03T06:04:36.162Z] Platform:      darwin
[debug] [2023-05-03T06:04:36.162Z] Node Version:  v18.12.1
[debug] [2023-05-03T06:04:36.163Z] Time:          Wed May 03 2023 16:04:36 GMT+1000 (Australian Eastern Standard Time)
[debug] [2023-05-03T06:04:36.163Z] ----------------------------------------------------------------------
[debug] 
[debug] [2023-05-03T06:04:36.194Z] > command requires scopes: ["email","openid","https://www.googleapis.com/auth/cloudplatformprojects.readonly","https://www.googleapis.com/auth/firebase","https://www.googleapis.com/auth/cloud-platform"]
[debug] [2023-05-03T06:04:36.194Z] > authorizing via signed-in user (loudringphone@gmail.com)
[debug] [2023-05-03T06:04:36.194Z] [iam] checking project video-store-77873 for permissions ["cloudfunctions.functions.create","cloudfunctions.functions.delete","cloudfunctions.functions.get","cloudfunctions.functions.list","cloudfunctions.functions.update","cloudfunctions.operations.get","firebase.projects.get"]
[debug] [2023-05-03T06:04:36.195Z] >>> [apiv2][query] POST https://cloudresourcemanager.googleapis.com/v1/projects/video-store-77873:testIamPermissions [none]
[debug] [2023-05-03T06:04:36.195Z] >>> [apiv2][(partial)header] POST https://cloudresourcemanager.googleapis.com/v1/projects/video-store-77873:testIamPermissions x-goog-quota-user=projects/video-store-77873
[debug] [2023-05-03T06:04:36.195Z] >>> [apiv2][body] POST https://cloudresourcemanager.googleapis.com/v1/projects/video-store-77873:testIamPermissions {"permissions":["cloudfunctions.functions.create","cloudfunctions.functions.delete","cloudfunctions.functions.get","cloudfunctions.functions.list","cloudfunctions.functions.update","cloudfunctions.operations.get","firebase.projects.get"]}
[debug] [2023-05-03T06:04:37.350Z] <<< [apiv2][status] POST https://cloudresourcemanager.googleapis.com/v1/projects/video-store-77873:testIamPermissions 200
[debug] [2023-05-03T06:04:37.350Z] <<< [apiv2][body] POST https://cloudresourcemanager.googleapis.com/v1/projects/video-store-77873:testIamPermissions {"permissions":["cloudfunctions.functions.create","cloudfunctions.functions.delete","cloudfunctions.functions.get","cloudfunctions.functions.list","cloudfunctions.functions.update","cloudfunctions.operations.get","firebase.projects.get"]}
[debug] [2023-05-03T06:04:37.351Z] >>> [apiv2][query] POST https://iam.googleapis.com/v1/projects/video-store-77873/serviceAccounts/video-store-77873@appspot.gserviceaccount.com:testIamPermissions [none]
[debug] [2023-05-03T06:04:37.351Z] >>> [apiv2][body] POST https://iam.googleapis.com/v1/projects/video-store-77873/serviceAccounts/video-store-77873@appspot.gserviceaccount.com:testIamPermissions {"permissions":["iam.serviceAccounts.actAs"]}
[debug] [2023-05-03T06:04:37.743Z] <<< [apiv2][status] POST https://iam.googleapis.com/v1/projects/video-store-77873/serviceAccounts/video-store-77873@appspot.gserviceaccount.com:testIamPermissions 200
[debug] [2023-05-03T06:04:37.743Z] <<< [apiv2][body] POST https://iam.googleapis.com/v1/projects/video-store-77873/serviceAccounts/video-store-77873@appspot.gserviceaccount.com:testIamPermissions {"permissions":["iam.serviceAccounts.actAs"]}
[info] 
[info] === Deploying to 'video-store-77873'...
[info] 
[info] i  deploying functions 
[info] Running command: npm --prefix "$RESOURCE_DIR" run lint
[info] ✔  functions: Finished running predeploy script. 
[debug] [2023-05-03T06:04:39.299Z] >>> [apiv2][query] GET https://firebase.googleapis.com/v1beta1/projects/video-store-77873 [none]
[debug] [2023-05-03T06:04:39.912Z] <<< [apiv2][status] GET https://firebase.googleapis.com/v1beta1/projects/video-store-77873 200
[debug] [2023-05-03T06:04:39.912Z] <<< [apiv2][body] GET https://firebase.googleapis.com/v1beta1/projects/video-store-77873 {"projectId":"video-store-77873","projectNumber":"413804572532","displayName":"video store","name":"projects/video-store-77873","resources":{"hostingSite":"video-store-77873","realtimeDatabaseInstance":"video-store-77873-default-rtdb","storageBucket":"video-store-77873.appspot.com","locationId":"us-central"},"state":"ACTIVE","etag":"1_2b39a514-07b0-496f-b1e1-6e3a7fd011d7"}
[info] i  functions: preparing codebase default for deployment 
[info] i  functions: ensuring required API cloudfunctions.googleapis.com is enabled... 
[info] i  functions: ensuring required API cloudbuild.googleapis.com is enabled... 
[info] i  artifactregistry: ensuring required API artifactregistry.googleapis.com is enabled... 
[debug] [2023-05-03T06:04:39.913Z] >>> [apiv2][query] GET https://serviceusage.googleapis.com/v1/projects/video-store-77873/services/cloudfunctions.googleapis.com [none]
[debug] [2023-05-03T06:04:39.913Z] >>> [apiv2][(partial)header] GET https://serviceusage.googleapis.com/v1/projects/video-store-77873/services/cloudfunctions.googleapis.com x-goog-quota-user=projects/video-store-77873
[debug] [2023-05-03T06:04:39.913Z] >>> [apiv2][query] GET https://serviceusage.googleapis.com/v1/projects/video-store-77873/services/runtimeconfig.googleapis.com [none]
[debug] [2023-05-03T06:04:39.913Z] >>> [apiv2][(partial)header] GET https://serviceusage.googleapis.com/v1/projects/video-store-77873/services/runtimeconfig.googleapis.com x-goog-quota-user=projects/video-store-77873
[debug] [2023-05-03T06:04:39.914Z] >>> [apiv2][query] GET https://serviceusage.googleapis.com/v1/projects/video-store-77873/services/cloudbuild.googleapis.com [none]
[debug] [2023-05-03T06:04:39.914Z] >>> [apiv2][(partial)header] GET https://serviceusage.googleapis.com/v1/projects/video-store-77873/services/cloudbuild.googleapis.com x-goog-quota-user=projects/video-store-77873
[debug] [2023-05-03T06:04:39.914Z] >>> [apiv2][query] GET https://serviceusage.googleapis.com/v1/projects/video-store-77873/services/artifactregistry.googleapis.com [none]
[debug] [2023-05-03T06:04:39.914Z] >>> [apiv2][(partial)header] GET https://serviceusage.googleapis.com/v1/projects/video-store-77873/services/artifactregistry.googleapis.com x-goog-quota-user=projects/video-store-77873
[debug] [2023-05-03T06:04:40.583Z] <<< [apiv2][status] GET https://serviceusage.googleapis.com/v1/projects/video-store-77873/services/cloudfunctions.googleapis.com 200
[debug] [2023-05-03T06:04:40.583Z] <<< [apiv2][body] GET https://serviceusage.googleapis.com/v1/projects/video-store-77873/services/cloudfunctions.googleapis.com [omitted]
[info] ✔  functions: required API cloudfunctions.googleapis.com is enabled 
[debug] [2023-05-03T06:04:41.459Z] <<< [apiv2][status] GET https://serviceusage.googleapis.com/v1/projects/video-store-77873/services/runtimeconfig.googleapis.com 200
[debug] [2023-05-03T06:04:41.459Z] <<< [apiv2][body] GET https://serviceusage.googleapis.com/v1/projects/video-store-77873/services/runtimeconfig.googleapis.com [omitted]
[debug] [2023-05-03T06:04:41.498Z] <<< [apiv2][status] GET https://serviceusage.googleapis.com/v1/projects/video-store-77873/services/artifactregistry.googleapis.com 200
[debug] [2023-05-03T06:04:41.498Z] <<< [apiv2][body] GET https://serviceusage.googleapis.com/v1/projects/video-store-77873/services/artifactregistry.googleapis.com [omitted]
[info] ✔  artifactregistry: required API artifactregistry.googleapis.com is enabled 
[debug] [2023-05-03T06:04:41.507Z] <<< [apiv2][status] GET https://serviceusage.googleapis.com/v1/projects/video-store-77873/services/cloudbuild.googleapis.com 200
[debug] [2023-05-03T06:04:41.507Z] <<< [apiv2][body] GET https://serviceusage.googleapis.com/v1/projects/video-store-77873/services/cloudbuild.googleapis.com [omitted]
[info] ✔  functions: required API cloudbuild.googleapis.com is enabled 
[debug] [2023-05-03T06:04:41.507Z] >>> [apiv2][query] GET https://firebase.googleapis.com/v1beta1/projects/video-store-77873/adminSdkConfig [none]
[debug] [2023-05-03T06:04:42.070Z] <<< [apiv2][status] GET https://firebase.googleapis.com/v1beta1/projects/video-store-77873/adminSdkConfig 200
[debug] [2023-05-03T06:04:42.070Z] <<< [apiv2][body] GET https://firebase.googleapis.com/v1beta1/projects/video-store-77873/adminSdkConfig {"projectId":"video-store-77873","databaseURL":"https://video-store-77873-default-rtdb.firebaseio.com","storageBucket":"video-store-77873.appspot.com","locationId":"us-central"}
[debug] [2023-05-03T06:04:42.071Z] >>> [apiv2][query] GET https://runtimeconfig.googleapis.com/v1beta1/projects/video-store-77873/configs [none]
[debug] [2023-05-03T06:04:42.925Z] <<< [apiv2][status] GET https://runtimeconfig.googleapis.com/v1beta1/projects/video-store-77873/configs 200
[debug] [2023-05-03T06:04:42.926Z] <<< [apiv2][body] GET https://runtimeconfig.googleapis.com/v1beta1/projects/video-store-77873/configs {"configs":[{"name":"projects/video-store-77873/configs/stripe"}]}
[debug] [2023-05-03T06:04:42.927Z] >>> [apiv2][query] GET https://runtimeconfig.googleapis.com/v1beta1/projects/video-store-77873/configs/stripe/variables [none]
[debug] [2023-05-03T06:04:43.483Z] <<< [apiv2][status] GET https://runtimeconfig.googleapis.com/v1beta1/projects/video-store-77873/configs/stripe/variables 200
[debug] [2023-05-03T06:04:43.484Z] <<< [apiv2][body] GET https://runtimeconfig.googleapis.com/v1beta1/projects/video-store-77873/configs/stripe/variables {"variables":[{"name":"projects/video-store-77873/configs/stripe/variables/secret_key","updateTime":"2023-05-03T05:42:39.459671993Z"}]}
[debug] [2023-05-03T06:04:43.485Z] >>> [apiv2][query] GET https://runtimeconfig.googleapis.com/v1beta1/projects/video-store-77873/configs/stripe/variables/secret_key [none]
[debug] [2023-05-03T06:04:44.245Z] <<< [apiv2][status] GET https://runtimeconfig.googleapis.com/v1beta1/projects/video-store-77873/configs/stripe/variables/secret_key 200
[debug] [2023-05-03T06:04:44.245Z] <<< [apiv2][body] GET https://runtimeconfig.googleapis.com/v1beta1/projects/video-store-77873/configs/stripe/variables/secret_key {"name":"projects/video-store-77873/configs/stripe/variables/secret_key","updateTime":"2023-05-03T05:42:39.459671993Z","text":"sk_test_51N2Y2GHlpGuoLlemyeCSMgWKDq0QSLy9BBiI38NUyTtArHhIzkHmTMlEmIIBh6oEcx2XxNkeM6BpNDMvmgNdno6500vYZMxenV"}
[debug] [2023-05-03T06:04:44.248Z] Validating nodejs source
[debug] [2023-05-03T06:04:44.711Z] > [functions] package.json contents: {
  "name": "functions",
  "description": "Cloud Functions for Firebase",
  "scripts": {
    "lint": "eslint .",
    "serve": "firebase emulators:start --only functions",
    "shell": "firebase functions:shell",
    "start": "npm run shell",
    "deploy": "firebase deploy --only functions",
    "logs": "firebase functions:log"
  },
  "engines": {
    "node": "16"
  },
  "main": "index.js",
  "dependencies": {
    "firebase-admin": "^11.5.0",
    "firebase-functions": "^4.2.0",
    "stripe": "^12.3.0"
  },
  "devDependencies": {
    "eslint": "^8.15.0",
    "eslint-config-google": "^0.14.0",
    "firebase-functions-test": "^3.0.0"
  },
  "private": true
}
[debug] [2023-05-03T06:04:44.712Z] Building nodejs source
[debug] [2023-05-03T06:04:44.720Z] Could not find functions.yaml. Must use http discovery
[debug] [2023-05-03T06:04:44.726Z] Found firebase-functions binary at '/Users/wingfunglau/Desktop/General Assembly/projects/videostore/functions/node_modules/.bin/firebase-functions'
[debug] [2023-05-03T06:04:45.021Z] Serving at port 8050

[debug] [2023-05-03T06:04:45.145Z] Got response from /__/functions.yaml {"endpoints":{"createStripeCheckout":{"platform":"gcfv1","labels":{},"availableMemoryMb":null,"timeoutSeconds":null,"minInstances":null,"maxInstances":null,"ingressSettings":null,"serviceAccountEmail":null,"vpc":null,"callableTrigger":{},"entryPoint":"createStripeCheckout"}},"specVersion":"v1alpha1","requiredAPIs":[]}
[debug] [2023-05-03T06:04:45.149Z] shutdown requested via /__/quitquitquit

[info] i  functions: preparing functions directory for uploading... 
[info] i  functions: packaged /Users/wingfunglau/Desktop/General Assembly/projects/videostore/functions (141.4 KB) for uploading 
[debug] [2023-05-03T06:04:45.177Z] >>> [apiv2][query] GET https://cloudfunctions.googleapis.com/v1/projects/video-store-77873/locations/-/functions [none]
[debug] [2023-05-03T06:04:46.498Z] <<< [apiv2][status] GET https://cloudfunctions.googleapis.com/v1/projects/video-store-77873/locations/-/functions 200
[debug] [2023-05-03T06:04:46.498Z] <<< [apiv2][body] GET https://cloudfunctions.googleapis.com/v1/projects/video-store-77873/locations/-/functions {"functions":[{"name":"projects/video-store-77873/locations/us-central1/functions/R-items","eventTrigger":{"eventType":"providers/cloud.firestore/eventTypes/document.write","resource":"projects/video-store-77873/databases/(default)/documents/items/{docId}","service":"firestore.googleapis.com","failurePolicy":{}},"status":"ACTIVE","entryPoint":"R.items","timeout":"60s","availableMemoryMb":256,"serviceAccountEmail":"rowy-functions@video-store-77873.iam.gserviceaccount.com","updateTime":"2023-05-02T07:35:01.805Z","versionId":"1","labels":{"deployment-tool":"cli-firebase","firebase-functions-hash":"47e931f565c924b0448511636e9ef0b1a0e09668"},"sourceUploadUrl":"https://storage.googleapis.com/uploads-733387378684.us-central1.cloudfunctions.appspot.com/8ea03b06-b00d-4b8c-a171-613f118bd5ba.zip","environmentVariables":{"FIREBASE_CONFIG":"{\"projectId\":\"video-store-77873\",\"databaseURL\":\"https://video-store-77873-default-rtdb.firebaseio.com\",\"storageBucket\":\"video-store-77873.appspot.com\",\"locationId\":\"us-central\"}","GCLOUD_PROJECT":"video-store-77873","EVENTARC_CLOUD_EVENT_SOURCE":"projects/video-store-77873/locations/us-central1/functions/R-items"},"runtime":"nodejs18","maxInstances":3000,"ingressSettings":"ALLOW_ALL","buildId":"d3e9ae0b-cd46-4725-a985-f5257d574a90","buildName":"projects/413804572532/locations/us-central1/builds/d3e9ae0b-cd46-4725-a985-f5257d574a90","dockerRegistry":"ARTIFACT_REGISTRY"},{"name":"projects/video-store-77873/locations/us-central1/functions/R-products","eventTrigger":{"eventType":"providers/cloud.firestore/eventTypes/document.write","resource":"projects/video-store-77873/databases/(default)/documents/products/{docId}","service":"firestore.googleapis.com","failurePolicy":{}},"status":"ACTIVE","entryPoint":"R.products","timeout":"60s","availableMemoryMb":256,"serviceAccountEmail":"rowy-functions@video-store-77873.iam.gserviceaccount.com","updateTime":"2023-05-02T07:58:37.213Z","versionId":"4","labels":{"deployment-tool":"cli-firebase","firebase-functions-hash":"9034b894c2c4763dcee061c99a2605ef913d4677"},"sourceUploadUrl":"https://storage.googleapis.com/uploads-733387378684.us-central1.cloudfunctions.appspot.com/db3fd0a8-232e-4446-85dd-b3e1ba91df96.zip","environmentVariables":{"FIREBASE_CONFIG":"{\"projectId\":\"video-store-77873\",\"databaseURL\":\"https://video-store-77873-default-rtdb.firebaseio.com\",\"storageBucket\":\"video-store-77873.appspot.com\",\"locationId\":\"us-central\"}","GCLOUD_PROJECT":"video-store-77873","EVENTARC_CLOUD_EVENT_SOURCE":"projects/video-store-77873/locations/us-central1/functions/R-products"},"runtime":"nodejs18","maxInstances":3000,"ingressSettings":"ALLOW_ALL","buildId":"b9d4503f-bf82-42eb-97e6-536236e64f3a","buildName":"projects/413804572532/locations/us-central1/builds/b9d4503f-bf82-42eb-97e6-536236e64f3a","dockerRegistry":"ARTIFACT_REGISTRY"},{"name":"projects/video-store-77873/locations/us-central1/functions/ext-firestore-stripe-payments-createCheckoutSession","description":"Creates a Checkout session to collect the customer's payment details.","sourceArchiveUrl":"gs://firebase-mod-sources-prod/cf7d5a0cf8fa1375b009b304631f059e5ef84fad65c179266e1889d092765f0c","eventTrigger":{"eventType":"providers/cloud.firestore/eventTypes/document.create","resource":"projects/video-store-77873/databases/(default)/documents/users/{uid}/checkout_sessions/{id}","service":"firestore.googleapis.com","failurePolicy":{}},"status":"ACTIVE","entryPoint":"createCheckoutSession","timeout":"60s","availableMemoryMb":256,"serviceAccountEmail":"ext-firestore-stripe-payments@video-store-77873.iam.gserviceaccount.com","updateTime":"2023-05-03T02:31:33.548Z","versionId":"2","labels":{"firebase-extensions-ar":"enabled","goog-dm":"firebase-ext-firestore-stripe-payments","goog-firebase-ext":"firestore-stripe-payments","deployment-tool":"firebase-extensions","goog-firebase-ext-iid":"firestore-stripe-payments"},"environmentVariables":{"CREATE_CHECKOUT_SESSION_MIN_INSTANCES":"0","CUSTOMERS_COLLECTION":"users","DATABASE_INSTANCE":"video-store-77873-default-rtdb","DATABASE_URL":"https://video-store-77873-default-rtdb.firebaseio.com","DELETE_STRIPE_CUSTOMERS":"Do not delete","EXT_INSTANCE_ID":"firestore-stripe-payments","FIREBASE_CONFIG":"{\"projectId\":\"video-store-77873\",\"databaseURL\":\"https://video-store-77873-default-rtdb.firebaseio.com\",\"storageBucket\":\"video-store-77873.appspot.com\"}","GCLOUD_PROJECT":"video-store-77873","LOCATION":"us-central1","PRODUCTS_COLLECTION":"products","PROJECT_ID":"video-store-77873","STORAGE_BUCKET":"video-store-77873.appspot.com","STRIPE_CONFIG_COLLECTION":"configuration","SYNC_USERS_ON_CREATE":"Sync"},"runtime":"nodejs14","maxInstances":3000,"ingressSettings":"ALLOW_INTERNAL_ONLY","buildId":"02e49c82-ab05-4964-aa16-942daa1d39af","buildEnvironmentVariables":{"GOOGLE_NODE_RUN_SCRIPTS":""},"secretEnvironmentVariables":[{"key":"STRIPE_WEBHOOK_SECRET","projectId":"413804572532","secret":"firestore-stripe-payments-STRIPE_WEBHOOK_SECRET-vmyk","version":"1"},{"key":"STRIPE_API_KEY","projectId":"413804572532","secret":"firestore-stripe-payments-STRIPE_API_KEY","version":"3"}],"buildName":"projects/413804572532/locations/us-central1/builds/02e49c82-ab05-4964-aa16-942daa1d39af","dockerRegistry":"ARTIFACT_REGISTRY"},{"name":"projects/video-store-77873/locations/us-central1/functions/ext-firestore-stripe-payments-createCustomer","description":"Creates a Stripe customer object when a new user signs up.","sourceArchiveUrl":"gs://firebase-mod-sources-prod/cf7d5a0cf8fa1375b009b304631f059e5ef84fad65c179266e1889d092765f0c","eventTrigger":{"eventType":"providers/firebase.auth/eventTypes/user.create","resource":"projects/video-store-77873","service":"firebaseauth.googleapis.com","failurePolicy":{}},"status":"ACTIVE","entryPoint":"createCustomer","timeout":"60s","availableMemoryMb":256,"serviceAccountEmail":"ext-firestore-stripe-payments@video-store-77873.iam.gserviceaccount.com","updateTime":"2023-05-03T02:31:00.835Z","versionId":"2","labels":{"firebase-extensions-ar":"enabled","goog-dm":"firebase-ext-firestore-stripe-payments","goog-firebase-ext":"firestore-stripe-payments","deployment-tool":"firebase-extensions","goog-firebase-ext-iid":"firestore-stripe-payments"},"environmentVariables":{"CREATE_CHECKOUT_SESSION_MIN_INSTANCES":"0","CUSTOMERS_COLLECTION":"users","DATABASE_INSTANCE":"video-store-77873-default-rtdb","DATABASE_URL":"https://video-store-77873-default-rtdb.firebaseio.com","DELETE_STRIPE_CUSTOMERS":"Do not delete","EXT_INSTANCE_ID":"firestore-stripe-payments","FIREBASE_CONFIG":"{\"projectId\":\"video-store-77873\",\"databaseURL\":\"https://video-store-77873-default-rtdb.firebaseio.com\",\"storageBucket\":\"video-store-77873.appspot.com\"}","GCLOUD_PROJECT":"video-store-77873","LOCATION":"us-central1","PRODUCTS_COLLECTION":"products","PROJECT_ID":"video-store-77873","STORAGE_BUCKET":"video-store-77873.appspot.com","STRIPE_CONFIG_COLLECTION":"configuration","SYNC_USERS_ON_CREATE":"Sync"},"runtime":"nodejs14","maxInstances":3000,"ingressSettings":"ALLOW_INTERNAL_ONLY","buildId":"1e438057-27cd-4fb8-976d-b34aab86ebd9","buildEnvironmentVariables":{"GOOGLE_NODE_RUN_SCRIPTS":""},"secretEnvironmentVariables":[{"key":"STRIPE_API_KEY","projectId":"413804572532","secret":"firestore-stripe-payments-STRIPE_API_KEY","version":"3"},{"key":"STRIPE_WEBHOOK_SECRET","projectId":"413804572532","secret":"firestore-stripe-payments-STRIPE_WEBHOOK_SECRET-vmyk","version":"1"}],"buildName":"projects/413804572532/locations/us-central1/builds/1e438057-27cd-4fb8-976d-b34aab86ebd9","dockerRegistry":"ARTIFACT_REGISTRY"},{"name":"projects/video-store-77873/locations/us-central1/functions/ext-firestore-stripe-payments-createPortalLink","description":"Creates links to the customer portal for the user to manage their payment & subscription details.","sourceArchiveUrl":"gs://firebase-mod-sources-prod/cf7d5a0cf8fa1375b009b304631f059e5ef84fad65c179266e1889d092765f0c","httpsTrigger":{"url":"https://us-central1-video-store-77873.cloudfunctions.net/ext-firestore-stripe-payments-createPortalLink","securityLevel":"SECURE_OPTIONAL"},"status":"ACTIVE","entryPoint":"createPortalLink","timeout":"60s","availableMemoryMb":256,"serviceAccountEmail":"ext-firestore-stripe-payments@video-store-77873.iam.gserviceaccount.com","updateTime":"2023-05-03T02:30:49.694Z","versionId":"2","labels":{"firebase-extensions-ar":"enabled","goog-dm":"firebase-ext-firestore-stripe-payments","goog-firebase-ext":"firestore-stripe-payments","deployment-tool":"firebase-extensions","goog-firebase-ext-iid":"firestore-stripe-payments"},"environmentVariables":{"CREATE_CHECKOUT_SESSION_MIN_INSTANCES":"0","CUSTOMERS_COLLECTION":"users","DATABASE_INSTANCE":"video-store-77873-default-rtdb","DATABASE_URL":"https://video-store-77873-default-rtdb.firebaseio.com","DELETE_STRIPE_CUSTOMERS":"Do not delete","EXT_INSTANCE_ID":"firestore-stripe-payments","FIREBASE_CONFIG":"{\"projectId\":\"video-store-77873\",\"databaseURL\":\"https://video-store-77873-default-rtdb.firebaseio.com\",\"storageBucket\":\"video-store-77873.appspot.com\"}","GCLOUD_PROJECT":"video-store-77873","LOCATION":"us-central1","PRODUCTS_COLLECTION":"products","PROJECT_ID":"video-store-77873","STORAGE_BUCKET":"video-store-77873.appspot.com","STRIPE_CONFIG_COLLECTION":"configuration","SYNC_USERS_ON_CREATE":"Sync"},"runtime":"nodejs14","maxInstances":3000,"ingressSettings":"ALLOW_ALL","buildId":"c1d561eb-e8ea-40e0-990e-d8faf7b72f82","buildEnvironmentVariables":{"GOOGLE_NODE_RUN_SCRIPTS":""},"secretEnvironmentVariables":[{"key":"STRIPE_WEBHOOK_SECRET","projectId":"413804572532","secret":"firestore-stripe-payments-STRIPE_WEBHOOK_SECRET-vmyk","version":"1"},{"key":"STRIPE_API_KEY","projectId":"413804572532","secret":"firestore-stripe-payments-STRIPE_API_KEY","version":"3"}],"buildName":"projects/413804572532/locations/us-central1/builds/c1d561eb-e8ea-40e0-990e-d8faf7b72f82","dockerRegistry":"ARTIFACT_REGISTRY"},{"name":"projects/video-store-77873/locations/us-central1/functions/ext-firestore-stripe-payments-handleWebhookEvents","description":"Handles Stripe webhook events to keep subscription statuses in sync and update custom claims.","sourceArchiveUrl":"gs://firebase-mod-sources-prod/cf7d5a0cf8fa1375b009b304631f059e5ef84fad65c179266e1889d092765f0c","httpsTrigger":{"url":"https://us-central1-video-store-77873.cloudfunctions.net/ext-firestore-stripe-payments-handleWebhookEvents","securityLevel":"SECURE_OPTIONAL"},"status":"ACTIVE","entryPoint":"handleWebhookEvents","timeout":"60s","availableMemoryMb":256,"serviceAccountEmail":"ext-firestore-stripe-payments@video-store-77873.iam.gserviceaccount.com","updateTime":"2023-05-03T02:30:49.947Z","versionId":"2","labels":{"firebase-extensions-ar":"enabled","goog-dm":"firebase-ext-firestore-stripe-payments","goog-firebase-ext":"firestore-stripe-payments","deployment-tool":"firebase-extensions","goog-firebase-ext-iid":"firestore-stripe-payments"},"environmentVariables":{"CREATE_CHECKOUT_SESSION_MIN_INSTANCES":"0","CUSTOMERS_COLLECTION":"users","DATABASE_INSTANCE":"video-store-77873-default-rtdb","DATABASE_URL":"https://video-store-77873-default-rtdb.firebaseio.com","DELETE_STRIPE_CUSTOMERS":"Do not delete","EXT_INSTANCE_ID":"firestore-stripe-payments","FIREBASE_CONFIG":"{\"projectId\":\"video-store-77873\",\"databaseURL\":\"https://video-store-77873-default-rtdb.firebaseio.com\",\"storageBucket\":\"video-store-77873.appspot.com\"}","GCLOUD_PROJECT":"video-store-77873","LOCATION":"us-central1","PRODUCTS_COLLECTION":"products","PROJECT_ID":"video-store-77873","STORAGE_BUCKET":"video-store-77873.appspot.com","STRIPE_CONFIG_COLLECTION":"configuration","SYNC_USERS_ON_CREATE":"Sync"},"runtime":"nodejs14","maxInstances":3000,"ingressSettings":"ALLOW_ALL","buildId":"359d8591-d87c-45fc-8fa7-759139942152","buildEnvironmentVariables":{"GOOGLE_NODE_RUN_SCRIPTS":""},"secretEnvironmentVariables":[{"key":"STRIPE_API_KEY","projectId":"413804572532","secret":"firestore-stripe-payments-STRIPE_API_KEY","version":"3"},{"key":"STRIPE_WEBHOOK_SECRET","projectId":"413804572532","secret":"firestore-stripe-payments-STRIPE_WEBHOOK_SECRET-vmyk","version":"1"}],"buildName":"projects/413804572532/locations/us-central1/builds/359d8591-d87c-45fc-8fa7-759139942152","dockerRegistry":"ARTIFACT_REGISTRY"},{"name":"projects/video-store-77873/locations/us-central1/functions/ext-firestore-stripe-payments-onCustomerDataDeleted","description":"Deletes the Stripe customer object and cancels all their subscriptions when the customer doc in Cloud Firestore is deleted.","sourceArchiveUrl":"gs://firebase-mod-sources-prod/cf7d5a0cf8fa1375b009b304631f059e5ef84fad65c179266e1889d092765f0c","eventTrigger":{"eventType":"providers/cloud.firestore/eventTypes/document.delete","resource":"projects/video-store-77873/databases/(default)/documents/users/{uid}","service":"firestore.googleapis.com","failurePolicy":{}},"status":"ACTIVE","entryPoint":"onCustomerDataDeleted","timeout":"60s","availableMemoryMb":256,"serviceAccountEmail":"ext-firestore-stripe-payments@video-store-77873.iam.gserviceaccount.com","updateTime":"2023-05-03T02:30:40.452Z","versionId":"2","labels":{"firebase-extensions-ar":"enabled","goog-dm":"firebase-ext-firestore-stripe-payments","goog-firebase-ext":"firestore-stripe-payments","deployment-tool":"firebase-extensions","goog-firebase-ext-iid":"firestore-stripe-payments"},"environmentVariables":{"CREATE_CHECKOUT_SESSION_MIN_INSTANCES":"0","CUSTOMERS_COLLECTION":"users","DATABASE_INSTANCE":"video-store-77873-default-rtdb","DATABASE_URL":"https://video-store-77873-default-rtdb.firebaseio.com","DELETE_STRIPE_CUSTOMERS":"Do not delete","EXT_INSTANCE_ID":"firestore-stripe-payments","FIREBASE_CONFIG":"{\"projectId\":\"video-store-77873\",\"databaseURL\":\"https://video-store-77873-default-rtdb.firebaseio.com\",\"storageBucket\":\"video-store-77873.appspot.com\"}","GCLOUD_PROJECT":"video-store-77873","LOCATION":"us-central1","PRODUCTS_COLLECTION":"products","PROJECT_ID":"video-store-77873","STORAGE_BUCKET":"video-store-77873.appspot.com","STRIPE_CONFIG_COLLECTION":"configuration","SYNC_USERS_ON_CREATE":"Sync"},"runtime":"nodejs14","maxInstances":3000,"ingressSettings":"ALLOW_INTERNAL_ONLY","buildId":"c904e73b-a8a5-42c6-8b1e-156fba82dfc3","buildEnvironmentVariables":{"GOOGLE_NODE_RUN_SCRIPTS":""},"secretEnvironmentVariables":[{"key":"STRIPE_API_KEY","projectId":"413804572532","secret":"firestore-stripe-payments-STRIPE_API_KEY","version":"3"},{"key":"STRIPE_WEBHOOK_SECRET","projectId":"413804572532","secret":"firestore-stripe-payments-STRIPE_WEBHOOK_SECRET-vmyk","version":"1"}],"buildName":"projects/413804572532/locations/us-central1/builds/c904e73b-a8a5-42c6-8b1e-156fba82dfc3","dockerRegistry":"ARTIFACT_REGISTRY"},{"name":"projects/video-store-77873/locations/us-central1/functions/ext-firestore-stripe-payments-onUserDeleted","description":"Deletes the Stripe customer object and cancels all their subscriptions when the user is deleted in Firebase Authentication.","sourceArchiveUrl":"gs://firebase-mod-sources-prod/cf7d5a0cf8fa1375b009b304631f059e5ef84fad65c179266e1889d092765f0c","eventTrigger":{"eventType":"providers/firebase.auth/eventTypes/user.delete","resource":"projects/video-store-77873","service":"firebaseauth.googleapis.com","failurePolicy":{}},"status":"ACTIVE","entryPoint":"onUserDeleted","timeout":"60s","availableMemoryMb":256,"serviceAccountEmail":"ext-firestore-stripe-payments@video-store-77873.iam.gserviceaccount.com","updateTime":"2023-05-03T02:30:50.493Z","versionId":"2","labels":{"firebase-extensions-ar":"enabled","goog-dm":"firebase-ext-firestore-stripe-payments","goog-firebase-ext":"firestore-stripe-payments","deployment-tool":"firebase-extensions","goog-firebase-ext-iid":"firestore-stripe-payments"},"environmentVariables":{"CREATE_CHECKOUT_SESSION_MIN_INSTANCES":"0","CUSTOMERS_COLLECTION":"users","DATABASE_INSTANCE":"video-store-77873-default-rtdb","DATABASE_URL":"https://video-store-77873-default-rtdb.firebaseio.com","DELETE_STRIPE_CUSTOMERS":"Do not delete","EXT_INSTANCE_ID":"firestore-stripe-payments","FIREBASE_CONFIG":"{\"projectId\":\"video-store-77873\",\"databaseURL\":\"https://video-store-77873-default-rtdb.firebaseio.com\",\"storageBucket\":\"video-store-77873.appspot.com\"}","GCLOUD_PROJECT":"video-store-77873","LOCATION":"us-central1","PRODUCTS_COLLECTION":"products","PROJECT_ID":"video-store-77873","STORAGE_BUCKET":"video-store-77873.appspot.com","STRIPE_CONFIG_COLLECTION":"configuration","SYNC_USERS_ON_CREATE":"Sync"},"runtime":"nodejs14","maxInstances":3000,"ingressSettings":"ALLOW_INTERNAL_ONLY","buildId":"e16c636d-0c4a-4783-a820-48e33db1e1ee","buildEnvironmentVariables":{"GOOGLE_NODE_RUN_SCRIPTS":""},"secretEnvironmentVariables":[{"key":"STRIPE_API_KEY","projectId":"413804572532","secret":"firestore-stripe-payments-STRIPE_API_KEY","version":"3"},{"key":"STRIPE_WEBHOOK_SECRET","projectId":"413804572532","secret":"firestore-stripe-payments-STRIPE_WEBHOOK_SECRET-vmyk","version":"1"}],"buildName":"projects/413804572532/locations/us-central1/builds/e16c636d-0c4a-4783-a820-48e33db1e1ee","dockerRegistry":"ARTIFACT_REGISTRY"}]}
[debug] [2023-05-03T06:04:46.500Z] >>> [apiv2][query] GET https://cloudfunctions.googleapis.com/v2/projects/video-store-77873/locations/-/functions filter=environment%3D%22GEN_2%22
[debug] [2023-05-03T06:04:48.411Z] <<< [apiv2][status] GET https://cloudfunctions.googleapis.com/v2/projects/video-store-77873/locations/-/functions 200
[debug] [2023-05-03T06:04:48.411Z] <<< [apiv2][body] GET https://cloudfunctions.googleapis.com/v2/projects/video-store-77873/locations/-/functions {}
[debug] [2023-05-03T06:04:48.420Z] >>> [apiv2][query] GET https://firebase.googleapis.com/v1beta1/projects/video-store-77873 [none]
[debug] [2023-05-03T06:04:49.013Z] <<< [apiv2][status] GET https://firebase.googleapis.com/v1beta1/projects/video-store-77873 200
[debug] [2023-05-03T06:04:49.013Z] <<< [apiv2][body] GET https://firebase.googleapis.com/v1beta1/projects/video-store-77873 {"projectId":"video-store-77873","projectNumber":"413804572532","displayName":"video store","name":"projects/video-store-77873","resources":{"hostingSite":"video-store-77873","realtimeDatabaseInstance":"video-store-77873-default-rtdb","storageBucket":"video-store-77873.appspot.com","locationId":"us-central"},"state":"ACTIVE","etag":"1_2b39a514-07b0-496f-b1e1-6e3a7fd011d7"}
[debug] [2023-05-03T06:04:49.016Z] >>> [apiv2][query] POST https://cloudfunctions.googleapis.com/v1/projects/video-store-77873/locations/us-central1/functions:generateUploadUrl [none]
[debug] [2023-05-03T06:04:49.016Z] >>> [apiv2][body] POST https://cloudfunctions.googleapis.com/v1/projects/video-store-77873/locations/us-central1/functions:generateUploadUrl {}
[debug] [2023-05-03T06:04:50.038Z] <<< [apiv2][status] POST https://cloudfunctions.googleapis.com/v1/projects/video-store-77873/locations/us-central1/functions:generateUploadUrl 200
[debug] [2023-05-03T06:04:50.038Z] <<< [apiv2][body] POST https://cloudfunctions.googleapis.com/v1/projects/video-store-77873/locations/us-central1/functions:generateUploadUrl {"uploadUrl":"https://storage.googleapis.com/uploads-733387378684.us-central1.cloudfunctions.appspot.com/ea3abe6e-b0e9-4237-8dea-3962933f84d3.zip?GoogleAccessId=service-413804572532@gcf-admin-robot.iam.gserviceaccount.com&Expires=1683095689&Signature=PlVsjHqus4yvY%2BKdB8NY%2Bb%2BMxx8ffLvFrtuooxTi%2BEtoIzhfSQnk4le%2B5eq4F6%2F61GjUJRjUCvnyF7tekUic8cbDQaHU%2FtFdqSUAuL8Ug0pqSAbAdrDI1TdRE3KCoYkcJPoVShFX5q13p89%2BDRhaOY7vSND4MJFBcR1Ysw7xv0AYn%2BOTRQyLyguQ5%2B7aRxCtxjdavPB1ZyMBLitHiXtbYGCqkreI6bdRtMW4%2Bb6lOWOle0nxGHBCVf9rlEQH1OSC4EiRHvRjfEv2CC%2BACTtDLkKo7wpTVW7bFKslF6TKN9b3S56xirCE7Li7%2Bpr%2FBct%2FN4x8CwhsejlOX%2BsWTzhCnQ%3D%3D"}
[debug] [2023-05-03T06:04:50.040Z] >>> [apiv2][query] PUT https://storage.googleapis.com/uploads-733387378684.us-central1.cloudfunctions.appspot.com/ea3abe6e-b0e9-4237-8dea-3962933f84d3.zip GoogleAccessId=service-413804572532%40gcf-admin-robot.iam.gserviceaccount.com&Expires=1683095689&Signature=PlVsjHqus4yvY%2BKdB8NY%2Bb%2BMxx8ffLvFrtuooxTi%2BEtoIzhfSQnk4le%2B5eq4F6%2F61GjUJRjUCvnyF7tekUic8cbDQaHU%2FtFdqSUAuL8Ug0pqSAbAdrDI1TdRE3KCoYkcJPoVShFX5q13p89%2BDRhaOY7vSND4MJFBcR1Ysw7xv0AYn%2BOTRQyLyguQ5%2B7aRxCtxjdavPB1ZyMBLitHiXtbYGCqkreI6bdRtMW4%2Bb6lOWOle0nxGHBCVf9rlEQH1OSC4EiRHvRjfEv2CC%2BACTtDLkKo7wpTVW7bFKslF6TKN9b3S56xirCE7Li7%2Bpr%2FBct%2FN4x8CwhsejlOX%2BsWTzhCnQ%3D%3D
[debug] [2023-05-03T06:04:50.040Z] >>> [apiv2][body] PUT https://storage.googleapis.com/uploads-733387378684.us-central1.cloudfunctions.appspot.com/ea3abe6e-b0e9-4237-8dea-3962933f84d3.zip [stream]
[debug] [2023-05-03T06:04:50.666Z] <<< [apiv2][status] PUT https://storage.googleapis.com/uploads-733387378684.us-central1.cloudfunctions.appspot.com/ea3abe6e-b0e9-4237-8dea-3962933f84d3.zip 200
[debug] [2023-05-03T06:04:50.667Z] <<< [apiv2][body] PUT https://storage.googleapis.com/uploads-733387378684.us-central1.cloudfunctions.appspot.com/ea3abe6e-b0e9-4237-8dea-3962933f84d3.zip [omitted]
[info] ✔  functions: functions folder uploaded successfully 
[info] 
The following functions are found in your project but do not exist in your local source code:
	R-items(us-central1)
	R-products(us-central1)

If you are renaming a function or changing its region, it is recommended that you create the new function first before deleting the old one to prevent event loss. For more info, visit https://firebase.google.com/docs/functions/manage-functions#modify

[info] i  functions: creating Node.js 16 function createStripeCheckout(us-central1)... 
[debug] [2023-05-03T06:45:45.042Z] > refreshing access token with scopes: []
[debug] [2023-05-03T06:45:45.044Z] >>> [apiv2][query] POST https://www.googleapis.com/oauth2/v3/token [none]
[debug] [2023-05-03T06:45:45.044Z] >>> [apiv2][body] POST https://www.googleapis.com/oauth2/v3/token [omitted]
[debug] [2023-05-03T06:45:45.415Z] <<< [apiv2][status] POST https://www.googleapis.com/oauth2/v3/token 200
[debug] [2023-05-03T06:45:45.415Z] <<< [apiv2][body] POST https://www.googleapis.com/oauth2/v3/token [omitted]
[debug] [2023-05-03T06:45:45.487Z] >>> [apiv2][query] POST https://cloudfunctions.googleapis.com/v1/projects/video-store-77873/locations/us-central1/functions [none]
[debug] [2023-05-03T06:45:45.488Z] >>> [apiv2][body] POST https://cloudfunctions.googleapis.com/v1/projects/video-store-77873/locations/us-central1/functions {"name":"projects/video-store-77873/locations/us-central1/functions/createStripeCheckout","sourceUploadUrl":"https://storage.googleapis.com/uploads-733387378684.us-central1.cloudfunctions.appspot.com/ea3abe6e-b0e9-4237-8dea-3962933f84d3.zip?GoogleAccessId=service-413804572532@gcf-admin-robot.iam.gserviceaccount.com&Expires=1683095689&Signature=PlVsjHqus4yvY%2BKdB8NY%2Bb%2BMxx8ffLvFrtuooxTi%2BEtoIzhfSQnk4le%2B5eq4F6%2F61GjUJRjUCvnyF7tekUic8cbDQaHU%2FtFdqSUAuL8Ug0pqSAbAdrDI1TdRE3KCoYkcJPoVShFX5q13p89%2BDRhaOY7vSND4MJFBcR1Ysw7xv0AYn%2BOTRQyLyguQ5%2B7aRxCtxjdavPB1ZyMBLitHiXtbYGCqkreI6bdRtMW4%2Bb6lOWOle0nxGHBCVf9rlEQH1OSC4EiRHvRjfEv2CC%2BACTtDLkKo7wpTVW7bFKslF6TKN9b3S56xirCE7Li7%2Bpr%2FBct%2FN4x8CwhsejlOX%2BsWTzhCnQ%3D%3D","entryPoint":"createStripeCheckout","runtime":"nodejs16","dockerRegistry":"ARTIFACT_REGISTRY","labels":{"deployment-tool":"cli-firebase","deployment-callable":"true","firebase-functions-hash":"9bc28364f71e7da8b96adae9eb94c603499b8fde"},"httpsTrigger":{"securityLevel":"SECURE_ALWAYS"},"minInstances":null,"maxInstances":null,"ingressSettings":null,"environmentVariables":{"FIREBASE_CONFIG":"{\"projectId\":\"video-store-77873\",\"databaseURL\":\"https://video-store-77873-default-rtdb.firebaseio.com\",\"storageBucket\":\"video-store-77873.appspot.com\",\"locationId\":\"us-central\"}","GCLOUD_PROJECT":"video-store-77873","EVENTARC_CLOUD_EVENT_SOURCE":"projects/video-store-77873/locations/us-central1/functions/createStripeCheckout"},"serviceAccountEmail":null,"availableMemoryMb":null,"timeout":null,"vpcConnector":null,"vpcConnectorEgressSettings":null,"buildEnvironmentVariables":{"GOOGLE_NODE_RUN_SCRIPTS":""}}
[debug] [2023-05-03T06:45:46.568Z] <<< [apiv2][status] POST https://cloudfunctions.googleapis.com/v1/projects/video-store-77873/locations/us-central1/functions 200
[debug] [2023-05-03T06:45:46.569Z] <<< [apiv2][body] POST https://cloudfunctions.googleapis.com/v1/projects/video-store-77873/locations/us-central1/functions {"name":"operations/dmlkZW8tc3RvcmUtNzc4NzMvdXMtY2VudHJhbDEvY3JlYXRlU3RyaXBlQ2hlY2tvdXQvVFQtV0RJZURvNmM","metadata":{"@type":"type.googleapis.com/google.cloud.functions.v1.OperationMetadataV1","target":"projects/video-store-77873/locations/us-central1/functions/createStripeCheckout","type":"CREATE_FUNCTION","request":{"@type":"type.googleapis.com/google.cloud.functions.v1.CloudFunction","name":"projects/video-store-77873/locations/us-central1/functions/createStripeCheckout","httpsTrigger":{"securityLevel":"SECURE_ALWAYS"},"entryPoint":"createStripeCheckout","labels":{"deployment-tool":"cli-firebase","deployment-callable":"true","firebase-functions-hash":"9bc28364f71e7da8b96adae9eb94c603499b8fde"},"sourceUploadUrl":"https://storage.googleapis.com/uploads-733387378684.us-central1.cloudfunctions.appspot.com/ea3abe6e-b0e9-4237-8dea-3962933f84d3.zip?GoogleAccessId=service-413804572532@gcf-admin-robot.iam.gserviceaccount.com&Expires=1683095689&Signature=PlVsjHqus4yvY%2BKdB8NY%2Bb%2BMxx8ffLvFrtuooxTi%2BEtoIzhfSQnk4le%2B5eq4F6%2F61GjUJRjUCvnyF7tekUic8cbDQaHU%2FtFdqSUAuL8Ug0pqSAbAdrDI1TdRE3KCoYkcJPoVShFX5q13p89%2BDRhaOY7vSND4MJFBcR1Ysw7xv0AYn%2BOTRQyLyguQ5%2B7aRxCtxjdavPB1ZyMBLitHiXtbYGCqkreI6bdRtMW4%2Bb6lOWOle0nxGHBCVf9rlEQH1OSC4EiRHvRjfEv2CC%2BACTtDLkKo7wpTVW7bFKslF6TKN9b3S56xirCE7Li7%2Bpr%2FBct%2FN4x8CwhsejlOX%2BsWTzhCnQ%3D%3D","environmentVariables":{"FIREBASE_CONFIG":"{\"projectId\":\"video-store-77873\",\"databaseURL\":\"https://video-store-77873-default-rtdb.firebaseio.com\",\"storageBucket\":\"video-store-77873.appspot.com\",\"locationId\":\"us-central\"}","GCLOUD_PROJECT":"video-store-77873","EVENTARC_CLOUD_EVENT_SOURCE":"projects/video-store-77873/locations/us-central1/functions/createStripeCheckout"},"runtime":"nodejs16","buildEnvironmentVariables":{"GOOGLE_NODE_RUN_SCRIPTS":""},"dockerRegistry":"ARTIFACT_REGISTRY"},"versionId":"1","updateTime":"2023-05-03T06:45:46Z"}}
[debug] [2023-05-03T06:45:46.571Z] >>> [apiv2][query] GET https://cloudfunctions.googleapis.com/v1/operations/dmlkZW8tc3RvcmUtNzc4NzMvdXMtY2VudHJhbDEvY3JlYXRlU3RyaXBlQ2hlY2tvdXQvVFQtV0RJZURvNmM [none]
[debug] [2023-05-03T06:45:47.253Z] <<< [apiv2][status] GET https://cloudfunctions.googleapis.com/v1/operations/dmlkZW8tc3RvcmUtNzc4NzMvdXMtY2VudHJhbDEvY3JlYXRlU3RyaXBlQ2hlY2tvdXQvVFQtV0RJZURvNmM 200
[debug] [2023-05-03T06:45:47.253Z] <<< [apiv2][body] GET https://cloudfunctions.googleapis.com/v1/operations/dmlkZW8tc3RvcmUtNzc4NzMvdXMtY2VudHJhbDEvY3JlYXRlU3RyaXBlQ2hlY2tvdXQvVFQtV0RJZURvNmM {"name":"operations/dmlkZW8tc3RvcmUtNzc4NzMvdXMtY2VudHJhbDEvY3JlYXRlU3RyaXBlQ2hlY2tvdXQvVFQtV0RJZURvNmM","metadata":{"@type":"type.googleapis.com/google.cloud.functions.v1.OperationMetadataV1","target":"projects/video-store-77873/locations/us-central1/functions/createStripeCheckout","type":"CREATE_FUNCTION","request":{"@type":"type.googleapis.com/google.cloud.functions.v1.CloudFunction","name":"projects/video-store-77873/locations/us-central1/functions/createStripeCheckout","httpsTrigger":{"securityLevel":"SECURE_ALWAYS"},"entryPoint":"createStripeCheckout","labels":{"deployment-tool":"cli-firebase","deployment-callable":"true","firebase-functions-hash":"9bc28364f71e7da8b96adae9eb94c603499b8fde"},"sourceUploadUrl":"https://storage.googleapis.com/uploads-733387378684.us-central1.cloudfunctions.appspot.com/ea3abe6e-b0e9-4237-8dea-3962933f84d3.zip?GoogleAccessId=service-413804572532@gcf-admin-robot.iam.gserviceaccount.com&Expires=1683095689&Signature=PlVsjHqus4yvY%2BKdB8NY%2Bb%2BMxx8ffLvFrtuooxTi%2BEtoIzhfSQnk4le%2B5eq4F6%2F61GjUJRjUCvnyF7tekUic8cbDQaHU%2FtFdqSUAuL8Ug0pqSAbAdrDI1TdRE3KCoYkcJPoVShFX5q13p89%2BDRhaOY7vSND4MJFBcR1Ysw7xv0AYn%2BOTRQyLyguQ5%2B7aRxCtxjdavPB1ZyMBLitHiXtbYGCqkreI6bdRtMW4%2Bb6lOWOle0nxGHBCVf9rlEQH1OSC4EiRHvRjfEv2CC%2BACTtDLkKo7wpTVW7bFKslF6TKN9b3S56xirCE7Li7%2Bpr%2FBct%2FN4x8CwhsejlOX%2BsWTzhCnQ%3D%3D","environmentVariables":{"FIREBASE_CONFIG":"{\"projectId\":\"video-store-77873\",\"databaseURL\":\"https://video-store-77873-default-rtdb.firebaseio.com\",\"storageBucket\":\"video-store-77873.appspot.com\",\"locationId\":\"us-central\"}","GCLOUD_PROJECT":"video-store-77873","EVENTARC_CLOUD_EVENT_SOURCE":"projects/video-store-77873/locations/us-central1/functions/createStripeCheckout"},"runtime":"nodejs16","buildEnvironmentVariables":{"GOOGLE_NODE_RUN_SCRIPTS":""},"dockerRegistry":"ARTIFACT_REGISTRY"},"versionId":"1","updateTime":"2023-05-03T06:45:46Z"},"done":true,"error":{"code":3,"message":"Failed to verify the provided Cloud Storage Signed URL"}}
[debug] [2023-05-03T06:45:47.253Z] Got source token undefined for region us-central1
[error] Failed to verify the provided Cloud Storage Signed URL
[debug] [2023-05-03T06:45:47.261Z] Total Function Deployment time: 2221
[debug] [2023-05-03T06:45:47.261Z] 1 Functions Deployed
[debug] [2023-05-03T06:45:47.261Z] 1 Functions Errored
[debug] [2023-05-03T06:45:47.261Z] 0 Function Deployments Aborted
[debug] [2023-05-03T06:45:47.265Z] Average Function Deployment time: 2214
[info] 
[info] Functions deploy had errors with the following functions:
	createStripeCheckout(us-central1)
[info] i  functions: cleaning up build files... 
[debug] [2023-05-03T06:45:47.591Z] >>> [apiv2][query] DELETE https://artifactregistry.googleapis.com/v1beta2/projects/video-store-77873/locations/us-central1/repositories/gcf-artifacts/packages/create_stripe_checkout [none]
[debug] [2023-05-03T06:45:47.593Z] >>> [apiv2][query] GET https://us.gcr.io/v2/video-store-77873/gcf/us-central1/tags/list [none]
[debug] [2023-05-03T06:45:49.333Z] <<< [apiv2][status] DELETE https://artifactregistry.googleapis.com/v1beta2/projects/video-store-77873/locations/us-central1/repositories/gcf-artifacts/packages/create_stripe_checkout 404
[debug] [2023-05-03T06:45:49.333Z] <<< [apiv2][body] DELETE https://artifactregistry.googleapis.com/v1beta2/projects/video-store-77873/locations/us-central1/repositories/gcf-artifacts/packages/create_stripe_checkout {"error":{"code":404,"message":"Package \"projects/video-store-77873/locations/us-central1/repositories/gcf-artifacts/packages/create_stripe_checkout\" was not found.","status":"NOT_FOUND"}}
[debug] [2023-05-03T06:45:49.956Z] <<< [apiv2][status] GET https://us.gcr.io/v2/video-store-77873/gcf/us-central1/tags/list 200
[debug] [2023-05-03T06:45:49.957Z] <<< [apiv2][body] GET https://us.gcr.io/v2/video-store-77873/gcf/us-central1/tags/list {"child":[],"manifest":{},"name":"video-store-77873/gcf/us-central1","tags":[]}
[debug] [2023-05-03T06:45:49.957Z] Could not find image for function projects/video-store-77873/locations/us-central1/functions/createStripeCheckout
[debug] [2023-05-03T06:45:49.957Z] Functions deploy failed.
[debug] [2023-05-03T06:45:49.957Z] {
  "endpoint": {
    "id": "createStripeCheckout",
    "project": "video-store-77873",
    "region": "us-central1",
    "entryPoint": "createStripeCheckout",
    "platform": "gcfv1",
    "runtime": "nodejs16",
    "callableTrigger": {},
    "labels": {
      "deployment-tool": "cli-firebase"
    },
    "serviceAccount": null,
    "ingressSettings": null,
    "availableMemoryMb": null,
    "timeoutSeconds": null,
    "maxInstances": null,
    "minInstances": null,
    "vpc": null,
    "environmentVariables": {
      "FIREBASE_CONFIG": "{\"projectId\":\"video-store-77873\",\"databaseURL\":\"https://video-store-77873-default-rtdb.firebaseio.com\",\"storageBucket\":\"video-store-77873.appspot.com\",\"locationId\":\"us-central\"}",
      "GCLOUD_PROJECT": "video-store-77873",
      "EVENTARC_CLOUD_EVENT_SOURCE": "projects/video-store-77873/locations/us-central1/functions/createStripeCheckout"
    },
    "codebase": "default",
    "targetedByOnly": false,
    "hash": "9bc28364f71e7da8b96adae9eb94c603499b8fde"
  },
  "op": "create",
  "original": {
    "name": "FirebaseError",
    "children": [],
    "exit": 1,
    "message": "Failed to verify the provided Cloud Storage Signed URL",
    "status": 3
  }
}
[debug] [2023-05-03T06:45:50.243Z] Error: Failed to create function createStripeCheckout in region us-central1
    at /Users/wingfunglau/.npm-packages/lib/node_modules/firebase-tools/lib/deploy/functions/release/fabricator.js:48:11
    at process.processTicksAndRejections (node:internal/process/task_queues:95:5)
    at async Fabricator.createV1Function (/Users/wingfunglau/.npm-packages/lib/node_modules/firebase-tools/lib/deploy/functions/release/fabricator.js:177:32)
    at async Fabricator.createEndpoint (/Users/wingfunglau/.npm-packages/lib/node_modules/firebase-tools/lib/deploy/functions/release/fabricator.js:129:13)
    at async handle (/Users/wingfunglau/.npm-packages/lib/node_modules/firebase-tools/lib/deploy/functions/release/fabricator.js:85:17)
[error] 
[error] Error: There was an error deploying functions
